     3    2   2.737803E+05   2.901780E+06             HEAD    10    15     1 (10F10.3)           
  1092.382  1088.629  6999.000  6999.000  6999.000  6999.000  6999.000  6999.000  6999.000  6999.000
  1089.242  1085.618  1078.963  6999.000  6999.000  1071.597  1070.863  1070.379  6999.000  6999.000
  6999.000  1077.284  1074.002  1069.652  1069.997  1069.259  1067.810  1067.797  6999.000  6999.000
  1067.817  1068.296  1066.379  1062.663  1061.488  1060.289  1061.153  1064.336  1063.702  6999.000
  1063.675  1061.224  1058.403  1056.115  1055.877  1056.665  1056.747  1059.021  1062.671  1065.224
  1058.988  1055.262  1051.823  1049.361  1049.784  1051.898  1053.537  1056.142  1059.180  1063.607
  1055.327  1049.582  1045.874  1043.495  1044.286  1046.824  1049.646  1052.334  1054.051  6999.000
  6999.000  1042.238  1039.801  1037.855  1038.928  1041.665  1043.838  1046.895  1049.113  6999.000
  6999.000  1035.301  1033.842  1032.560  1033.955  1036.844  1038.032  1040.426  1043.701  6999.000
  6999.000  1028.292  1027.983  1027.916  1029.552  1031.980  1033.334  1035.826  1039.937  1044.373
  6999.000  1019.578  1020.942  1024.003  1026.083  1028.317  1029.884  1032.568  1036.222  6999.000
  1001.154  1008.776  1013.891  1018.581  1022.192  1025.445  1027.859  1030.814  1034.764  6999.000
   994.880  1000.173  1006.861  1013.010  1018.814  1024.388  1029.195  1034.260  1036.353  6999.000
  6999.000  1005.807  1011.475  1016.187  1021.224  1026.055  1030.477  1035.342  1039.488  6999.000
  6999.000  6999.000  1018.832  1021.821  1025.559  1028.543  6999.000  6999.000  6999.000  6999.000
    15    2   2.628000E+06   5.256000E+06             HEAD    10    15     1 (10F10.3)           
  1092.455  1088.643  6999.000  6999.000  6999.000  6999.000  6999.000  6999.000  6999.000  6999.000
  1089.234  1085.709  1078.993  6999.000  6999.000  1071.607  1070.872  1070.380  6999.000  6999.000
  6999.000  1077.307  1074.109  1069.772  1070.169  1069.367  1067.923  1067.817  6999.000  6999.000
  1067.817  1068.298  1066.398  1062.692  1061.523  1060.307  1061.178  1064.479  1063.716  6999.000
  1063.675  1061.224  1058.405  1056.121  1055.886  1056.676  1056.774  1059.142  1062.766  1065.256
  1058.988  1055.262  1051.824  1049.362  1049.790  1051.923  1053.566  1056.264  1059.202  1063.609
  1055.327  1049.582  1045.875  1043.495  1044.288  1046.831  1049.664  1052.361  1054.053  6999.000
  6999.000  1042.238  1039.801  1037.856  1038.930  1041.674  1043.852  1046.897  1049.113  6999.000
  6999.000  1035.301  1033.842  1032.562  1033.961  1036.861  1038.057  1040.428  1043.701  6999.000
  6999.000  1028.292  1027.984  1027.921  1029.569  1032.034  1033.457  1035.841  1039.938  1044.374
  6999.000  1019.578  1020.949  1024.022  1026.123  1028.392  1030.004  1032.596  1036.223  6999.000
  1001.156  1008.783  1013.939  1018.644  1022.290  1025.558  1027.969  1031.037  1034.779  6999.000
   994.911  1000.209  1006.924  1013.078  1018.880  1024.422  1029.219  1034.286  1036.412  6999.000
  6999.000  1005.808  1011.479  1016.192  1021.228  1026.059  1030.483  1035.376  1039.515  6999.000
  6999.000  6999.000  1018.832  1021.821  1025.559  1028.542  6999.000  6999.000  6999.000  6999.000
    15    3   2.628000E+06   7.884000E+06             HEAD    10    15     1 (10F10.3)           
  1092.500  1088.668  6999.000  6999.000  6999.000  6999.000  6999.000  6999.000  6999.000  6999.000
  1089.209  1085.754  1079.046  6999.000  6999.000  1071.674  1070.914  1070.384  6999.000  6999.000
  6999.000  1077.349  1074.198  1069.911  1071.337  1070.443  1068.596  1067.879  6999.000  6999.000
  1067.817  1068.308  1066.439  1062.763  1061.620  1060.396  1061.256  1064.474  1063.741  6999.000
  1063.675  1061.227  1058.429  1056.237  1055.999  1056.738  1056.829  1059.228  1062.847  1065.290
  1058.988  1055.266  1051.903  1049.837  1050.223  1052.054  1053.633  1056.355  1059.243  1063.615
  1055.327  1049.587  1045.966  1044.051  1044.789  1046.968  1049.753  1052.414  1054.060  6999.000
  6999.000  1042.242  1039.886  1038.429  1039.447  1041.826  1043.933  1046.911  1049.113  6999.000
  6999.000  1035.305  1033.925  1033.129  1034.468  1037.004  1038.136  1040.440  1043.701  6999.000
  6999.000  1028.296  1028.058  1028.417  1030.015  1032.187  1033.670  1035.881  1039.940  1044.374
  6999.000  1019.581  1020.980  1024.149  1026.255  1028.488  1030.116  1032.647  1036.229  6999.000
  1001.160  1008.798  1013.987  1018.711  1022.370  1025.636  1028.053  1031.086  1034.809  6999.000
   994.920  1000.219  1006.962  1013.118  1018.922  1024.437  1029.226  1034.291  1036.453  6999.000
  6999.000  1005.811  1011.490  1016.205  1021.242  1026.067  1030.491  1035.385  1039.518  6999.000
  6999.000  6999.000  1018.832  1021.822  1025.559  1028.542  6999.000  6999.000  6999.000  6999.000
    15    4   2.628000E+06   1.051200E+07             HEAD    10    15     1 (10F10.3)           
  1092.527  1088.686  6999.000  6999.000  6999.000  6999.000  6999.000  6999.000  6999.000  6999.000
  1089.187  1085.781  1079.106  6999.000  6999.000  1071.876  1071.049  1070.401  6999.000  6999.000
  6999.000  1077.396  1074.308  1070.190  1073.483  1072.431  1069.999  1068.034  6999.000  6999.000
  1067.818  1068.324  1066.509  1062.930  1061.901  1060.646  1061.448  1064.459  1063.767  6999.000
  1063.676  1061.238  1058.501  1056.430  1056.199  1056.883  1056.922  1059.304  1062.913  1065.327
  1058.989  1055.288  1052.050  1050.169  1050.521  1052.249  1053.762  1056.494  1059.295  1063.627
  1055.328  1049.612  1046.150  1044.476  1045.162  1047.213  1050.005  1052.511  1054.075  6999.000
  6999.000  1042.264  1040.068  1038.891  1039.851  1042.130  1044.188  1046.955  1049.116  6999.000
  6999.000  1035.325  1034.099  1033.570  1034.846  1037.261  1038.339  1040.475  1043.703  6999.000
  6999.000  1028.312  1028.199  1028.766  1030.315  1032.430  1034.150  1035.970  1039.948  1044.374
  6999.000  1019.590  1021.047  1024.333  1026.426  1028.631  1030.360  1032.689  1036.240  6999.000
  1001.165  1008.815  1014.047  1018.805  1022.468  1025.724  1028.134  1031.037  1034.832  6999.000
   994.938  1000.237  1007.069  1013.233  1019.040  1024.585  1029.332  1034.295  1036.479  6999.000
  6999.000  1005.815  1011.511  1016.228  1021.265  1026.084  1030.472  1035.349  1039.518  6999.000
  6999.000  6999.000  1018.833  1021.823  1025.560  1028.543  6999.000  6999.000  6999.000  6999.000
    15    6   2.628000E+06   1.576800E+07             HEAD    10    15     1 (10F10.3)           
  1092.451  1088.684  6999.000  6999.000  6999.000  6999.000  6999.000  6999.000  6999.000  6999.000
  1089.138  1085.710  1079.192  6999.000  6999.000  1072.426  1071.246  1070.478  6999.000  6999.000
  6999.000  1077.425  1074.391  1070.288  1072.055  1070.767  1068.916  1068.148  6999.000  6999.000
  1067.828  1068.382  1066.679  1063.177  1062.098  1060.864  1061.652  1064.557  1063.817  6999.000
  1063.683  1061.290  1058.657  1056.659  1056.448  1057.128  1057.123  1059.351  1062.899  1065.341
  1058.999  1055.349  1052.203  1050.544  1050.919  1052.476  1053.968  1056.541  1059.380  1063.659
  1055.339  1049.685  1046.319  1044.838  1045.564  1047.471  1050.211  1052.701  1054.135  6999.000
  6999.000  1042.338  1040.256  1039.255  1040.259  1042.391  1044.482  1047.120  1049.139  6999.000
  6999.000  1035.394  1034.276  1033.930  1035.247  1037.525  1038.685  1040.633  1043.721  6999.000
  6999.000  1028.367  1028.348  1029.110  1030.656  1032.656  1034.312  1036.185  1039.988  1044.377
  6999.000  1019.627  1021.154  1024.455  1026.547  1028.773  1030.453  1032.791  1036.273  6999.000
  1001.184  1008.842  1014.044  1018.810  1022.460  1025.750  1028.219  1031.089  1034.863  6999.000
   994.956  1000.216  1006.971  1013.135  1018.942  1024.474  1029.253  1034.284  1036.426  6999.000
  6999.000  1005.823  1011.525  1016.245  1021.284  1026.085  1030.378  1035.316  1039.500  6999.000
  6999.000  6999.000  1018.836  1021.827  1025.565  1028.547  6999.000  6999.000  6999.000  6999.000
    15    7   2.628000E+06   1.839599E+07             HEAD    10    15     1 (10F10.3)           
  1092.429  1088.672  6999.000  6999.000  6999.000  6999.000  6999.000  6999.000  6999.000  6999.000
  1089.113  1085.705  1079.216  6999.000  6999.000  1073.732  1072.675  1070.569  6999.000  6999.000
  6999.000  1077.409  1074.425  1070.333  1071.778  1070.418  1068.747  1068.135  6999.000  6999.000
  1067.836  1068.412  1066.749  1063.277  1062.195  1060.944  1061.700  1064.577  1063.840  6999.000
  1063.691  1061.328  1058.765  1056.798  1056.572  1057.248  1057.206  1059.393  1062.909  1065.346
  1059.008  1055.397  1052.337  1050.305  1050.681  1052.598  1054.065  1056.589  1059.409  1063.675
  1055.349  1049.739  1046.480  1044.619  1045.335  1047.629  1050.325  1052.769  1054.169  6999.000
  6999.000  1042.393  1040.421  1039.054  1040.044  1042.562  1044.615  1047.189  1049.158  6999.000
  6999.000  1035.445  1034.432  1033.708  1035.014  1037.682  1038.808  1040.717  1043.738  6999.000
  6999.000  1028.409  1028.469  1028.852  1030.438  1032.766  1034.394  1036.260  1040.014  1044.381
  6999.000  1019.651  1021.217  1024.551  1026.630  1028.846  1030.486  1032.826  1036.293  6999.000
  1001.189  1008.850  1014.050  1018.842  1022.493  1025.778  1028.239  1031.115  1034.875  6999.000
   994.945  1000.213  1006.916  1013.080  1018.897  1024.505  1029.282  1034.286  1036.411  6999.000
  6999.000  1005.826  1011.527  1016.248  1021.284  1026.045  1030.324  1035.304  1039.501  6999.000
  6999.000  6999.000  1018.839  1021.829  1025.567  1028.548  6999.000  6999.000  6999.000  6999.000
    15    8   2.628000E+06   2.102399E+07             HEAD    10    15     1 (10F10.3)           
  1092.414  1088.660  6999.000  6999.000  6999.000  6999.000  6999.000  6999.000  6999.000  6999.000
  1089.089  1085.705  1079.238  6999.000  6999.000  1074.027  1072.983  1070.689  6999.000  6999.000
  6999.000  1077.392  1074.451  1070.330  1071.240  1069.989  1068.407  1068.081  6999.000  6999.000
  1067.845  1068.442  1066.814  1063.359  1062.238  1060.972  1061.701  1064.544  1063.860  6999.000
  1063.702  1061.374  1058.876  1057.018  1056.774  1057.357  1057.282  1059.435  1062.926  1065.352
  1059.021  1055.455  1052.523  1051.132  1051.440  1052.803  1054.152  1056.618  1059.437  1063.692
  1055.364  1049.805  1046.703  1045.563  1046.199  1047.863  1050.395  1052.827  1054.205  6999.000
  6999.000  1042.462  1040.650  1040.024  1040.923  1042.793  1044.704  1047.253  1049.181  6999.000
  6999.000  1035.509  1034.650  1034.651  1035.857  1037.900  1038.901  1040.797  1043.760  6999.000
  6999.000  1028.460  1028.645  1029.661  1031.114  1032.924  1034.353  1036.315  1040.041  1044.386
  6999.000  1019.678  1021.285  1024.725  1026.782  1028.920  1030.514  1032.857  1036.313  6999.000
  1001.194  1008.854  1014.061  1018.880  1022.532  1025.806  1028.258  1031.097  1034.885  6999.000
   994.943  1000.213  1006.925  1013.093  1018.906  1024.471  1029.254  1034.285  1036.403  6999.000
  6999.000  1005.829  1011.517  1016.241  1021.273  1025.995  1030.274  1035.290  1039.501  6999.000
  6999.000  6999.000  1018.840  1021.832  1025.569  1028.545  6999.000  6999.000  6999.000  6999.000
    15    9   2.628000E+06   2.365199E+07             HEAD    10    15     1 (10F10.3)           
  1092.404  1088.648  6999.000  6999.000  6999.000  6999.000  6999.000  6999.000  6999.000  6999.000
  1089.068  1085.704  1079.255  6999.000  6999.000  1074.012  1072.948  1070.794  6999.000  6999.000
  6999.000  1077.380  1074.471  1070.345  1071.307  1070.087  1068.451  1068.027  6999.000  6999.000
  1068.658  1068.503  1066.882  1063.454  1062.316  1061.033  1061.711  1064.512  1063.876  6999.000
  1063.848  1061.432  1059.015  1057.220  1056.948  1057.489  1057.365  1059.478  1062.948  1065.360
  1059.193  1055.533  1052.719  1051.242  1051.520  1052.989  1054.259  1056.663  1059.466  1063.705
  1055.386  1049.894  1046.951  1045.748  1046.335  1048.092  1050.514  1052.890  1054.242  6999.000
  6999.000  1042.555  1040.915  1040.243  1041.082  1043.036  1044.840  1047.317  1049.207  6999.000
  6999.000  1035.596  1034.905  1034.835  1035.985  1038.119  1039.017  1040.874  1043.786  6999.000
  6999.000  1028.528  1028.845  1029.757  1031.196  1033.076  1034.406  1036.359  1040.068  1044.392
  6999.000  1019.712  1021.380  1024.898  1026.929  1029.016  1030.551  1032.882  1036.334  6999.000
  1001.198  1008.857  1014.086  1018.944  1022.594  1025.843  1028.275  1031.074  1034.891  6999.000
   994.929  1000.212  1006.914  1013.085  1018.900  1024.462  1029.244  1034.283  1036.397  6999.000
  6999.000  1005.830  1011.489  1016.214  1021.241  1025.942  1030.225  1035.272  1039.501  6999.000
  6999.000  6999.000  1018.841  1021.833  1025.570  1028.540  6999.000  6999.000  6999.000  6999.000
    15   10   2.628000E+06   2.627999E+07             HEAD    10    15     1 (10F10.3)           
  1092.395  1088.637  6999.000  6999.000  6999.000  6999.000  6999.000  6999.000  6999.000  6999.000
  1089.049  1085.703  1079.270  6999.000  6999.000  1073.853  1072.786  1070.875  6999.000  6999.000
  6999.000  1077.375  1074.493  1070.373  1071.098  1069.888  1068.309  1067.976  6999.000  6999.000
  1069.158  1068.591  1066.958  1063.559  1062.408  1061.104  1061.732  1064.492  1063.890  6999.000
  1064.712  1061.554  1059.164  1057.457  1057.163  1057.625  1057.454  1059.522  1062.971  1065.370
  1059.976  1055.672  1052.949  1051.854  1052.073  1053.212  1054.372  1056.713  1059.495  1063.700
  1055.883  1050.015  1047.227  1046.467  1046.984  1048.359  1050.634  1052.964  1054.281  6999.000
  6999.000  1042.668  1041.202  1040.996  1041.753  1043.315  1044.992  1047.387  1049.237  6999.000
  6999.000  1035.701  1035.175  1035.557  1036.618  1038.373  1039.154  1040.947  1043.815  6999.000
  6999.000  1028.610  1029.058  1030.358  1031.698  1033.268  1034.487  1036.401  1040.094  1044.399
  6999.000  1019.753  1021.486  1025.104  1027.106  1029.119  1030.603  1032.907  1036.354  6999.000
  1001.201  1008.863  1014.118  1019.011  1022.657  1025.885  1028.293  1031.051  1034.894  6999.000
   994.923  1000.208  1006.907  1013.082  1018.899  1024.469  1029.242  1034.280  1036.393  6999.000
  6999.000  1005.826  1011.449  1016.174  1021.197  1025.891  1030.180  1035.250  1039.498  6999.000
  6999.000  6999.000  1018.840  1021.832  1025.569  1028.633  6999.000  6999.000  6999.000  6999.000
    15   11   2.628000E+06   2.890799E+07             HEAD    10    15     1 (10F10.3)           
  1092.385  1088.626  6999.000  6999.000  6999.000  6999.000  6999.000  6999.000  6999.000  6999.000
  1089.030  1085.697  1079.284  6999.000  6999.000  1073.773  1072.655  1070.931  6999.000  6999.000
  6999.000  1077.377  1074.514  1070.395  1070.973  1069.795  1068.230  1067.926  6999.000  6999.000
  1069.406  1068.677  1067.037  1063.639  1062.477  1061.176  1061.757  1064.479  1063.902  6999.000
  1065.165  1061.717  1059.300  1057.454  1057.158  1057.721  1057.541  1059.563  1062.993  1065.379
  1060.410  1055.849  1053.020  1051.009  1051.304  1053.226  1054.466  1056.760  1059.525  1063.682
  1056.553  1050.196  1047.320  1045.519  1046.118  1048.373  1050.730  1053.040  1054.323  6999.000
  6999.000  1042.799  1041.321  1040.044  1040.884  1043.342  1045.124  1047.463  1049.270  6999.000
  6999.000  1035.818  1035.277  1034.596  1035.754  1038.394  1039.279  1041.017  1043.847  6999.000
  6999.000  1028.700  1029.119  1029.484  1030.959  1033.274  1034.568  1036.444  1040.124  1044.649
  6999.000  1019.802  1021.579  1025.088  1027.096  1029.189  1030.657  1032.932  1036.374  6999.000
  1001.204  1008.872  1014.152  1019.061  1022.702  1025.922  1028.309  1031.033  1034.892  6999.000
   994.919  1000.202  1006.905  1013.082  1018.901  1024.468  1029.244  1034.275  1036.386  6999.000
  6999.000  1005.812  1011.404  1016.129  1021.157  1025.868  1030.141  1035.230  1039.493  6999.000
  6999.000  6999.000  1018.837  1021.835  1025.999  1029.349  6999.000  6999.000  6999.000  6999.000
    15   12   2.628000E+06   3.153599E+07             HEAD    10    15     1 (10F10.3)           
  1092.373  1088.616  6999.000  6999.000  6999.000  6999.000  6999.000  6999.000  6999.000  6999.000
  1089.014  1085.685  1079.294  6999.000  6999.000  1073.627  1072.543  1070.971  6999.000  6999.000
  6999.000  1077.382  1074.526  1070.402  1070.895  1069.726  1068.186  1067.880  6999.000  6999.000
  1069.505  1068.754  1067.098  1063.675  1062.510  1061.219  1061.783  1064.463  1063.914  6999.000
  1065.395  1061.878  1059.390  1057.539  1057.252  1057.771  1057.598  1059.590  1063.009  1065.387
  1060.652  1056.019  1053.115  1051.722  1051.999  1053.316  1054.522  1056.790  1059.552  1063.656
  1056.940  1050.378  1047.403  1046.229  1046.829  1048.452  1050.780  1053.101  1054.365  6999.000
  6999.000  1042.920  1041.399  1040.733  1041.584  1043.416  1045.192  1047.536  1049.306  6999.000
  6999.000  1035.924  1035.346  1035.293  1036.462  1038.471  1039.348  1041.080  1043.881  6999.000
  6999.000  1028.781  1029.182  1030.184  1031.621  1033.353  1034.609  1036.484  1040.183  1045.297
  6999.000  1019.852  1021.630  1025.145  1027.162  1029.217  1030.686  1032.957  1036.395  6999.000
  1001.206  1008.882  1014.173  1019.073  1022.712  1025.931  1028.309  1031.012  1034.883  6999.000
   994.911  1000.190  1006.899  1013.078  1018.896  1024.466  1029.241  1034.266  1036.376  6999.000
  6999.000  1005.792  1011.358  1016.095  1021.145  1025.867  1030.109  1035.210  1039.484  6999.000
  6999.000  6999.000  1018.955  1022.400  1026.566  1029.771  6999.000  6999.000  6999.000  6999.000
