 "UNSATURATED MASS BALANCE COMPONENTS FOR ENTIRE MODEL "
 "DATA:            TIME   APPLIED-INFIL.          RUNOFF   ACTUAL-INFIL.   SURFACE-LEAK.           UZ-ET           GW-ET   UZSTOR-CHANGE        RECHARGE "

          2.6280000E+06    8.4750061E+00   6.5970114E-03   8.4699972E+00   1.5941883E-03   0.0000000E+00   1.7087439E+01   0.0000000E+00   8.4699972E+00
          2.7107130E+06    6.7800049E+01   4.3632712E-02   6.7758124E+01   1.7450143E-03   2.5353279E+01   1.3526506E+01   3.3003414E+01   9.4034641E+00
          2.8016975E+06    6.7800049E+01   4.5673292E-02   6.7756191E+01   1.9100760E-03   2.4432129E+01   1.3528779E+01   3.3552478E+01   9.7739307E+00
          2.9017802E+06    6.7800049E+01   4.7782242E-02   6.7754289E+01   2.0796126E-03   2.4446199E+01   1.3531377E+01   3.3592755E+01   9.7178105E+00
          3.0118712E+06    6.7800049E+01   4.9847148E-02   6.7752404E+01   2.2543538E-03   2.4461710E+01   1.3534204E+01   3.3461815E+01   9.8315612E+00
          3.1329715E+06    6.7800049E+01   5.1878083E-02   6.7750547E+01   2.4336572E-03   2.4478787E+01   1.3537401E+01   3.3234617E+01   1.0040057E+01
          3.2661818E+06    6.7800049E+01   5.3922556E-02   6.7748713E+01   2.6178055E-03   2.4497504E+01   1.3540862E+01   3.3293378E+01   9.9608770E+00
          3.4127130E+06    6.7800049E+01   5.6503341E-02   6.7746299E+01   2.8153906E-03   2.4518209E+01   1.3544400E+01   3.3375415E+01   9.8557726E+00
          3.5738975E+06    6.7800049E+01   5.9852030E-02   6.7743117E+01   3.0091648E-03   2.4541109E+01   1.3547929E+01   3.3467793E+01   9.7373104E+00
          3.7512002E+06    6.7800049E+01   6.3085333E-02   6.7740107E+01   3.2011999E-03   2.4559356E+01   1.3551538E+01   3.3535434E+01   9.6483686E+00
          3.9462332E+06    6.7800049E+01   6.6052563E-02   6.7737320E+01   3.3873993E-03   2.4586619E+01   1.3555270E+01   3.3593168E+01   9.5607766E+00
          4.1607698E+06    6.7800049E+01   6.8817310E-02   6.7734774E+01   3.5667974E-03   2.4616652E+01   1.3559122E+01   3.3651750E+01   9.4697219E+00
          4.3967600E+06    6.7800049E+01   7.1337059E-02   6.7732422E+01   3.7379933E-03   2.4649754E+01   1.3564786E+01   3.2556842E+01   1.0378779E+01
          4.6563490E+06    6.7800049E+01   7.3771641E-02   6.7730138E+01   3.9085969E-03   2.4680613E+01   1.3580626E+01   2.8334726E+01   1.4720082E+01
          4.9418970E+06    6.7800049E+01   7.6045632E-02   6.7727978E+01   4.0690659E-03   2.4707561E+01   1.3604746E+01   2.8564699E+01   1.4464003E+01
          5.2560000E+06    6.7800049E+01   7.8219943E-02   6.7726056E+01   4.2182591E-03   2.4738911E+01   1.3628119E+01   2.8881336E+01   1.4114049E+01
          5.3387130E+06    8.4750000E+01   9.8768905E-02   8.4655603E+01   4.3302191E-03   2.4760390E+01   1.3641891E+01   4.5738796E+01   1.4160253E+01
          5.4296975E+06    8.4750000E+01   1.0088661E-01   8.4653544E+01   4.4498685E-03   2.4779164E+01   1.3647853E+01   4.5698576E+01   1.4179919E+01
          5.5297805E+06    8.4750000E+01   1.0307448E-01   8.4651524E+01   4.5722506E-03   2.4799837E+01   1.3654187E+01   4.5737685E+01   1.4118324E+01
          5.6398715E+06    8.4750000E+01   1.0522296E-01   8.4649480E+01   4.7023917E-03   2.4820529E+01   1.3660830E+01   4.5823920E+01   1.4009573E+01
          5.7609715E+06    8.4750000E+01   1.0738682E-01   8.4647455E+01   4.8290504E-03   2.4837034E+01   1.3667919E+01   4.5630462E+01   1.4184854E+01
          5.8941815E+06    8.4750000E+01   1.0956699E-01   8.4645290E+01   4.9623729E-03   2.4851553E+01   1.3675501E+01   4.5573400E+01   1.4225524E+01
          6.0407130E+06    8.4750000E+01   1.1197304E-01   8.4643081E+01   5.1008691E-03   2.4868479E+01   1.3684366E+01   4.4831481E+01   1.4949670E+01
          6.2018975E+06    8.4750000E+01   1.1438685E-01   8.4640886E+01   5.2409810E-03   2.4886999E+01   1.3695769E+01   4.3903655E+01   1.5858532E+01
          6.3792005E+06    8.4750000E+01   1.1662742E-01   8.4638759E+01   5.3776707E-03   2.4895026E+01   1.3708641E+01   4.4147689E+01   1.5602792E+01
          6.5742335E+06    8.4750000E+01   1.1888717E-01   8.4636651E+01   5.5118405E-03   2.4914178E+01   1.3721870E+01   4.3940887E+01   1.5786358E+01
          6.7887700E+06    8.4750000E+01   1.2114191E-01   8.4634463E+01   5.6571236E-03   2.4940574E+01   1.3735603E+01   4.3715568E+01   1.5983427E+01
          7.0247600E+06    8.4750000E+01   1.2342883E-01   8.4632326E+01   5.7995463E-03   2.4966237E+01   1.3749692E+01   4.3713240E+01   1.5959026E+01
          7.2843490E+06    8.4750000E+01   1.2581933E-01   8.4630160E+01   5.9437497E-03   2.4988270E+01   1.3763792E+01   4.3825750E+01   1.5814821E+01
          7.5698970E+06    8.4750000E+01   1.2807229E-01   8.4627998E+01   6.0912763E-03   2.5021853E+01   1.3777821E+01   4.3829295E+01   1.5783192E+01
          7.8840000E+06    8.4750000E+01   1.3032089E-01   8.4625874E+01   6.2393095E-03   2.5000843E+01   1.3791706E+01   4.4029371E+01   1.5601544E+01
          7.9667130E+06    1.6950000E+02   2.6908427E-01   1.6923777E+02   6.7619471E-03   2.4703163E+01   1.3799644E+01   1.2789951E+02   1.6637450E+01
          8.0576975E+06    1.6950000E+02   2.8353760E-01   1.6922378E+02   7.3177292E-03   2.4732397E+01   1.3803654E+01   1.2742884E+02   1.7065267E+01
          8.1577805E+06    1.6950000E+02   2.9789463E-01   1.6921004E+02   7.8938246E-03   2.4767840E+01   1.3808075E+01   1.2747565E+02   1.6969407E+01
          8.2678715E+06    1.6950000E+02   3.1177241E-01   1.6919666E+02   8.4875467E-03   2.4817356E+01   1.3812649E+01   1.2751343E+02   1.6868884E+01
          8.3889720E+06    1.6950000E+02   3.2555008E-01   1.6918365E+02   9.0879772E-03   2.4875208E+01   1.3825468E+01   1.1943985E+02   2.4881155E+01
          8.5221820E+06    1.6950000E+02   3.3864486E-01   1.6917105E+02   9.6974907E-03   2.4928653E+01   1.3850135E+01   1.1668380E+02   2.7575327E+01
          8.6687130E+06    1.6950000E+02   3.5145479E-01   1.6915887E+02   1.0308140E-02   2.4984297E+01   1.3878410E+01   1.1736758E+02   2.6823567E+01
          8.8298970E+06    1.6950000E+02   3.6345461E-01   1.6914737E+02   1.0909326E-02   2.5047065E+01   1.3906470E+01   1.1797042E+02   2.6146254E+01
          9.0072000E+06    1.6950000E+02   3.7898448E-01   1.6913253E+02   1.1500027E-02   2.5095937E+01   1.3934151E+01   1.1832116E+02   2.5728571E+01
          9.2022330E+06    1.6950000E+02   3.9423329E-01   1.6911790E+02   1.2082191E-02   2.5172927E+01   1.3961644E+01   1.1825927E+02   2.5696189E+01
          9.4167690E+06    1.6950000E+02   4.0886572E-01   1.6910379E+02   1.2663920E-02   2.5258695E+01   1.3989670E+01   1.1769963E+02   2.6154620E+01
          9.6527590E+06    1.6950000E+02   4.2280251E-01   1.6909050E+02   1.3225083E-02   2.5353952E+01   1.4017268E+01   1.1805908E+02   2.5687893E+01
          9.9123480E+06    1.6950000E+02   4.3582329E-01   1.6907811E+02   1.3760725E-02   2.5449770E+01   1.4043539E+01   1.1854101E+02   2.5096409E+01
          1.0197896E+07    1.6950000E+02   4.4786847E-01   1.6906644E+02   1.4279741E-02   2.5567184E+01   1.4068374E+01   1.1886276E+02   2.4645469E+01
          1.0511999E+07    1.6950000E+02   4.5854747E-01   1.6905622E+02   1.4741367E-02   2.5697689E+01   1.4092405E+01   1.1887148E+02   2.4445920E+01
          1.0594712E+07    4.2375000E+01   1.1805246E-01   4.2270637E+01   1.3690110E-02   2.5751053E+01   1.4106405E+01  -6.2015542E+00   2.2700034E+01
          1.0685696E+07    4.2375000E+01   1.1057024E-01   4.2277177E+01   1.2723362E-02   2.5762572E+01   1.4111349E+01  -4.5400246E+00   2.1054151E+01
          1.0785779E+07    4.2375000E+01   1.0465107E-01   4.2282202E+01   1.1833928E-02   2.5767692E+01   1.4102997E+01   2.7919775E+00   1.3721533E+01
          1.0895870E+07    4.2375000E+01   9.9932060E-02   4.2286064E+01   1.0992702E-02   2.5776245E+01   1.4089062E+01   5.2751661E+00   1.1233712E+01
          1.1016970E+07    4.2375000E+01   9.5382832E-02   4.2289835E+01   1.0199102E-02   2.5784792E+01   1.4074697E+01   5.6358589E+00   1.0868276E+01
          1.1150180E+07    4.2375000E+01   9.1013901E-02   4.2293453E+01   9.4677353E-03   2.5794300E+01   1.4059892E+01   5.6682629E+00   1.0830071E+01
          1.1296711E+07    4.2375000E+01   8.6877048E-02   4.2296898E+01   8.7961789E-03   2.5815845E+01   1.4044362E+01   5.6798311E+00   1.0800399E+01
          1.1457895E+07    4.2375000E+01   8.2993940E-02   4.2300150E+01   8.1864201E-03   2.5837133E+01   1.4027843E+01   5.9731758E+00   1.0488987E+01
          1.1635198E+07    4.2375000E+01   7.9363666E-02   4.2303283E+01   7.6237386E-03   2.5847860E+01   1.4015800E+01   2.7653687E+00   1.3111256E+01
          1.1830231E+07    4.2375000E+01   7.5846776E-02   4.2306271E+01   7.1167479E-03   2.5866123E+01   1.4005692E+01  -8.8503851E+00   2.5106520E+01
          1.2044767E+07    4.2375000E+01   7.2602361E-02   4.2309074E+01   6.6644335E-03   2.5887360E+01   1.3996339E+01  -1.3582474E+01   3.0000432E+01
          1.2280757E+07    4.2375000E+01   6.9549873E-02   4.2311726E+01   6.2581104E-03   2.5895664E+01   1.3991028E+01  -1.4144900E+01   3.0561501E+01
          1.2540346E+07    4.2375000E+01   6.6773139E-02   4.2314140E+01   5.9070344E-03   2.5880928E+01   1.3990128E+01  -1.4080565E+01   3.0489118E+01
          1.2825894E+07    4.2375000E+01   6.4350717E-02   4.2316266E+01   5.6161902E-03   2.5811117E+01   1.3991661E+01  -1.5937869E+01   3.2032140E+01
          1.3139997E+07    4.2375000E+01   6.2339831E-02   4.2318032E+01   5.3855188E-03   2.5717141E+01   1.3997754E+01  -2.2219143E+01   3.9040184E+01
          1.3222710E+07    8.4750000E+01   1.2196919E-01   8.4633570E+01   5.5549548E-03   2.5663046E+01   1.4001146E+01   1.9053662E+01   3.9920248E+01
          1.3313694E+07    8.4750000E+01   1.2458947E-01   8.4631092E+01   5.7303151E-03   2.5649930E+01   1.4003263E+01   1.8862638E+01   4.0123394E+01
          1.3413777E+07    8.4750000E+01   1.2723532E-01   8.4628648E+01   5.9057304E-03   2.5652713E+01   1.4005905E+01   1.3829317E+01   4.5158341E+01
          1.3523868E+07    8.4750000E+01   1.2984525E-01   8.4626186E+01   6.0869673E-03   2.5649263E+01   1.4009118E+01   1.5271259E+01   4.3718344E+01
          1.3644968E+07    8.4750000E+01   1.3245080E-01   8.4623782E+01   6.2694593E-03   2.5627140E+01   1.4012729E+01   1.6115224E+01   4.2894834E+01
          1.3778178E+07    8.4750000E+01   1.3505310E-01   8.4621428E+01   6.4491016E-03   2.5595289E+01   1.4016786E+01   1.5554462E+01   4.3485647E+01
          1.3924709E+07    8.4750000E+01   1.3747211E-01   8.4619119E+01   6.6320723E-03   2.5564293E+01   1.4026190E+01   1.5462889E+01   4.3611399E+01
          1.4085893E+07    8.4750000E+01   1.3987947E-01   8.4616928E+01   6.8066592E-03   2.5512707E+01   1.4042465E+01   1.5618620E+01   4.3507256E+01
          1.4263196E+07    8.4750000E+01   1.4219396E-01   8.4614794E+01   6.9760629E-03   2.5469633E+01   1.4066212E+01   1.7998362E+01   4.1251050E+01
          1.4458229E+07    8.4750000E+01   1.4450528E-01   8.4612662E+01   7.1481319E-03   2.5420474E+01   1.4091782E+01   2.0001786E+01   3.9044118E+01
          1.4672765E+07    8.4750000E+01   1.4672148E-01   8.4610545E+01   7.3177850E-03   2.5365877E+01   1.4116602E+01   1.7712099E+01   4.1641316E+01
          1.4908755E+07    8.4750000E+01   1.4946425E-01   8.4608046E+01   7.4999076E-03   2.5304377E+01   1.4142273E+01   1.6924606E+01   4.2446696E+01
          1.5168344E+07    8.4750000E+01   1.5315111E-01   8.4604590E+01   7.7321362E-03   2.4267069E+01   1.4245803E+01   1.6531222E+01   4.3445888E+01
          1.5453892E+07    8.4750000E+01   1.5797196E-01   8.4600030E+01   8.0657346E-03   2.4100760E+01   1.4286530E+01   1.3502856E+01   4.6983391E+01
          1.5767995E+07    8.4750000E+01   1.6439773E-01   8.4594148E+01   8.5549250E-03   2.4106422E+01   1.4314014E+01   8.4632334E+00   5.1853041E+01
          1.5850708E+07    2.5425003E+01   5.4172609E-02   2.5379125E+01   8.2805643E-03   2.4064373E+01   1.4325293E+01  -5.0426720E+01   5.1733377E+01
          1.5941692E+07    2.5425003E+01   5.3105317E-02   2.5379930E+01   8.0298778E-03   2.4051353E+01   1.4331625E+01  -4.9518007E+01   5.0849104E+01
          1.6041775E+07    2.5425003E+01   5.2128278E-02   2.5380671E+01   7.8007950E-03   2.4039150E+01   1.4339157E+01  -5.3776124E+01   5.5120568E+01
          1.6151866E+07    2.5425003E+01   5.1246524E-02   2.5381343E+01   7.5981896E-03   2.4025162E+01   1.4347472E+01  -5.1488708E+01   5.2847940E+01
          1.6272966E+07    2.5425003E+01   5.0528713E-02   2.5381882E+01   7.4315250E-03   2.4017617E+01   1.4355361E+01  -4.9332787E+01   5.0699602E+01
          1.6406176E+07    2.5425003E+01   4.9947836E-02   2.5382333E+01   7.2924651E-03   2.4016976E+01   1.4359306E+01  -4.7231844E+01   4.8599563E+01
          1.6552707E+07    2.5425003E+01   4.9530879E-02   2.5382653E+01   7.1919027E-03   2.4017444E+01   1.4359603E+01  -4.6594378E+01   4.7962144E+01
          1.6713891E+07    2.5425003E+01   4.9280070E-02   2.5382847E+01   7.1288709E-03   2.4013526E+01   1.4358347E+01  -4.5420469E+01   4.6792445E+01
          1.6891194E+07    2.5425003E+01   4.9179114E-02   2.5382916E+01   7.1008165E-03   2.4010547E+01   1.4356473E+01  -4.3341595E+01   4.4657274E+01
          1.7086228E+07    2.5425003E+01   4.9224433E-02   2.5382874E+01   7.1043649E-03   2.3994112E+01   1.4353642E+01  -4.3481893E+01   4.4989951E+01
          1.7300764E+07    2.5425003E+01   4.9409829E-02   2.5382727E+01   7.1380045E-03   2.3974616E+01   1.4351524E+01  -4.1687306E+01   4.2968289E+01
          1.7536754E+07    2.5425003E+01   4.9680550E-02   2.5382488E+01   7.2014292E-03   2.3967686E+01   1.4353864E+01  -4.6196247E+01   4.7424227E+01
          1.7796344E+07    2.5425003E+01   5.0088119E-02   2.5382196E+01   7.2821969E-03   2.3960784E+01   1.4362849E+01  -5.1938873E+01   5.3535318E+01
          1.8081892E+07    2.5425003E+01   5.0516702E-02   2.5381860E+01   7.3800789E-03   2.3100219E+01   1.4397367E+01  -4.8006310E+01   5.0426573E+01
          1.8395994E+07    2.5425003E+01   5.1081575E-02   2.5381420E+01   7.5017890E-03   2.3002447E+01   1.4415078E+01  -4.5120702E+01   4.7605669E+01
          1.8478708E+07    4.2375000E+01   8.1154838E-02   4.2301496E+01   7.6514767E-03   2.3018773E+01   1.4419765E+01  -2.6179956E+01   4.5462766E+01
          1.8569692E+07    4.2375000E+01   8.2179442E-02   4.2300602E+01   7.8062020E-03   2.3024372E+01   1.4424309E+01  -2.5394246E+01   4.4670706E+01
          1.8669774E+07    4.2375000E+01   8.3288372E-02   4.2299674E+01   7.9682296E-03   2.3033970E+01   1.4429314E+01  -2.4732270E+01   4.3998370E+01
          1.8779866E+07    4.2375000E+01   8.4376447E-02   4.2298779E+01   8.1285291E-03   2.3044837E+01   1.4434985E+01  -2.4041871E+01   4.3296376E+01
          1.8900966E+07    4.2375000E+01   8.5429192E-02   4.2297858E+01   8.2922395E-03   2.3058489E+01   1.4440969E+01  -2.4614866E+01   4.3854939E+01
          1.9034176E+07    4.2375000E+01   8.6523920E-02   4.2296922E+01   8.4607339E-03   2.3066636E+01   1.4447374E+01  -2.5635176E+01   4.4866239E+01
          1.9180708E+07    4.2375000E+01   8.7682843E-02   4.2295954E+01   8.6386008E-03   2.3083128E+01   1.4454172E+01  -2.4334278E+01   4.3547960E+01
          1.9341892E+07    4.2375000E+01   8.8789538E-02   4.2295027E+01   8.8143294E-03   2.3100131E+01   1.4462695E+01  -2.7972520E+01   4.7168411E+01
          1.9519194E+07    4.2375000E+01   8.9892671E-02   4.2294143E+01   8.9823620E-03   2.3112664E+01   1.4472116E+01  -2.8110632E+01   4.7367977E+01
          1.9714228E+07    4.2375000E+01   9.0921640E-02   4.2293226E+01   9.1600724E-03   2.3124045E+01   1.4482717E+01  -2.6231446E+01   4.5451826E+01
          1.9928764E+07    4.2375000E+01   9.2035815E-02   4.2292304E+01   9.3403914E-03   2.3138984E+01   1.4494960E+01  -2.4852192E+01   4.4030055E+01
          2.0164754E+07    4.2375000E+01   9.3128860E-02   4.2291419E+01   9.5191302E-03   2.3156356E+01   1.4508194E+01  -2.3259229E+01   4.2440726E+01
          2.0424344E+07    4.2375000E+01   9.4198525E-02   4.2290496E+01   9.7036024E-03   2.3161591E+01   1.4522124E+01  -2.6361462E+01   4.5549971E+01
          2.0709892E+07    4.2375000E+01   9.5276378E-02   4.2289608E+01   9.8810596E-03   2.3156146E+01   1.4537349E+01  -2.5789559E+01   4.5040536E+01
          2.1023994E+07    4.2375000E+01   9.6519142E-02   4.2288572E+01   1.0085260E-02   2.3152922E+01   1.4552549E+01  -2.6133644E+01   4.5305930E+01
          2.1106708E+07    2.5425003E+01   6.1634600E-02   2.5373371E+01   1.0005500E-02   2.3131758E+01   1.4559158E+01  -4.2171328E+01   4.4411609E+01
          2.1197692E+07    2.5425003E+01   6.1375022E-02   2.5373558E+01   9.9355091E-03   2.3127913E+01   1.4562785E+01  -4.1512559E+01   4.3760992E+01
          2.1297774E+07    2.5425003E+01   6.1149031E-02   2.5373730E+01   9.8719434E-03   2.3123380E+01   1.4566659E+01  -4.0693139E+01   4.2946445E+01
          2.1407866E+07    2.5425003E+01   6.0968995E-02   2.5373845E+01   9.8246753E-03   2.3118103E+01   1.4570712E+01  -3.9064446E+01   4.1323248E+01
          2.1528966E+07    2.5425003E+01   6.0800061E-02   2.5373935E+01   9.7811703E-03   2.3107719E+01   1.4574888E+01  -3.8622386E+01   4.0891766E+01
          2.1662176E+07    2.5425003E+01   6.0750909E-02   2.5373990E+01   9.7466692E-03   2.3082943E+01   1.4579673E+01  -4.1187495E+01   4.3481816E+01
          2.1808708E+07    2.5425003E+01   6.0769156E-02   2.5373970E+01   9.7367211E-03   2.3069782E+01   1.4584677E+01  -4.1925153E+01   4.4232774E+01
          2.1969892E+07    2.5425003E+01   6.0844824E-02   2.5373889E+01   9.7468103E-03   2.3055745E+01   1.4589421E+01  -4.1610832E+01   4.3932353E+01
          2.2147194E+07    2.5425003E+01   6.1006315E-02   2.5373759E+01   9.7717633E-03   2.3037822E+01   1.4593029E+01  -3.9773381E+01   4.2157104E+01
          2.2342228E+07    2.5425003E+01   6.1210588E-02   2.5373599E+01   9.8067378E-03   2.3012921E+01   1.4595025E+01  -3.8221791E+01   4.0611476E+01
          2.2556764E+07    2.5425003E+01   6.1476927E-02   2.5373397E+01   9.8552078E-03   2.2996318E+01   1.4595727E+01  -3.7254405E+01   3.9661031E+01
          2.2792754E+07    2.5425003E+01   6.1803892E-02   2.5373119E+01   9.9343327E-03   2.2965536E+01   1.4595762E+01  -3.9051532E+01   4.1496271E+01
          2.3052344E+07    2.5425003E+01   6.2239736E-02   2.5372788E+01   1.0037717E-02   2.2942995E+01   1.4596200E+01  -3.8753805E+01   4.1306249E+01
          2.3337892E+07    2.5425003E+01   6.2712282E-02   2.5372430E+01   1.0154921E-02   2.2919622E+01   1.4596647E+01  -4.0252877E+01   4.2652514E+01
          2.3651994E+07    2.5425003E+01   6.3230596E-02   2.5372056E+01   1.0283722E-02   2.2908159E+01   1.4597100E+01  -4.1540609E+01   4.4069115E+01
          2.3734708E+07    1.6950012E+01   4.5507118E-02   1.6914761E+01   1.0257198E-02   2.2899267E+01   1.4598252E+01  -4.8429156E+01   4.2442365E+01
          2.3825692E+07    1.6950012E+01   4.5450673E-02   1.6914793E+01   1.0241833E-02   2.2886539E+01   1.4598652E+01  -4.7707916E+01   4.1736723E+01
          2.3925774E+07    1.6950012E+01   4.5388088E-02   1.6914840E+01   1.0220483E-02   2.2873726E+01   1.4599078E+01  -4.6789001E+01   4.0830934E+01
          2.4035866E+07    1.6950012E+01   4.5317840E-02   1.6914880E+01   1.0199125E-02   2.2871927E+01   1.4599547E+01  -4.6481317E+01   4.0525256E+01
          2.4156966E+07    1.6950012E+01   4.5264594E-02   1.6914916E+01   1.0181635E-02   2.2869905E+01   1.4600077E+01  -4.5735222E+01   3.9781364E+01
          2.4290176E+07    1.6950012E+01   4.5240521E-02   1.6914936E+01   1.0173643E-02   2.2867283E+01   1.4601008E+01  -4.4788036E+01   3.8836891E+01
          2.4436708E+07    1.6950012E+01   4.5237057E-02   1.6914933E+01   1.0178627E-02   2.2867432E+01   1.4602189E+01  -4.4102027E+01   3.8150825E+01
          2.4597892E+07    1.6950012E+01   4.5217730E-02   1.6914955E+01   1.0172146E-02   2.2875009E+01   1.4603312E+01  -4.3381698E+01   3.7423122E+01
          2.4775194E+07    1.6950012E+01   4.5233637E-02   1.6914940E+01   1.0186571E-02   2.2865271E+01   1.4605816E+01  -4.3005772E+01   3.7061698E+01
          2.4970228E+07    1.6950012E+01   4.5281589E-02   1.6914920E+01   1.0201870E-02   2.2839286E+01   1.4610240E+01  -4.2374653E+01   3.6445133E+01
          2.5184764E+07    1.6950012E+01   4.5348536E-02   1.6914884E+01   1.0224402E-02   2.2848344E+01   1.4613421E+01  -4.2005135E+01   3.6104678E+01
          2.5420754E+07    1.6950012E+01   4.5451831E-02   1.6914809E+01   1.0268556E-02   2.2858329E+01   1.4616398E+01  -4.0590210E+01   3.4641393E+01
          2.5680344E+07    1.6950012E+01   4.5567743E-02   1.6914735E+01   1.0311277E-02   2.2856865E+01   1.4619244E+01  -4.0197685E+01   3.4194604E+01
          2.5965892E+07    1.6950012E+01   4.5686308E-02   1.6914668E+01   1.0350400E-02   2.2825690E+01   1.4623580E+01  -4.0845107E+01   3.4964172E+01
          2.6279994E+07    1.6950012E+01   4.5825005E-02   1.6914581E+01   1.0407083E-02   2.2837524E+01   1.4627422E+01  -3.9452588E+01   3.3561782E+01
          2.6362708E+07    8.4750061E+00   2.8016837E-02   8.4573444E+00   1.0352660E-02   2.2841601E+01   1.4629263E+01  -4.6787209E+01   3.2401392E+01
          2.6453692E+07    8.4750061E+00   2.7916212E-02   8.4573888E+00   1.0308483E-02   2.2841077E+01   1.4630284E+01  -4.6163367E+01   3.1780240E+01
          2.6553774E+07    8.4750061E+00   2.7831145E-02   8.4574307E+00   1.0270333E-02   2.2805590E+01   1.4632445E+01  -4.5417010E+01   3.1069512E+01
          2.6663866E+07    8.4750061E+00   2.7762290E-02   8.4574741E+00   1.0227945E-02   2.2781784E+01   1.4634197E+01  -4.5471091E+01   3.1147540E+01
          2.6784966E+07    8.4750061E+00   2.7674584E-02   8.4575178E+00   1.0186658E-02   2.2780285E+01   1.4635314E+01  -4.5307584E+01   3.0985791E+01
          2.6918176E+07    8.4750061E+00   2.7594734E-02   8.4575572E+00   1.0150501E-02   2.2778701E+01   1.4636523E+01  -4.4651121E+01   3.0331069E+01
          2.7064708E+07    8.4750061E+00   2.7530314E-02   8.4575935E+00   1.0121563E-02   2.2777155E+01   1.4637696E+01  -4.3794291E+01   2.9475953E+01
          2.7225892E+07    8.4750061E+00   2.7474156E-02   8.4576235E+00   1.0093593E-02   2.2774378E+01   1.4638873E+01  -4.3082262E+01   2.8766877E+01
          2.7403194E+07    8.4750061E+00   2.7420837E-02   8.4576459E+00   1.0074220E-02   2.1555339E+01   1.5134553E+01  -4.1103926E+01   2.8023387E+01
          2.7598228E+07    8.4750061E+00   2.7389158E-02   8.4576696E+00   1.0055930E-02   2.1067058E+01   1.5323797E+01  -4.0141194E+01   2.7546872E+01
          2.7812764E+07    8.4750061E+00   2.7350806E-02   8.4576964E+00   1.0033151E-02   2.1066128E+01   1.5322950E+01  -3.9906517E+01   2.7241382E+01
          2.8048754E+07    8.4750061E+00   2.7309695E-02   8.4577123E+00   1.0026559E-02   2.1065859E+01   1.5321817E+01  -3.9599125E+01   2.7001693E+01
          2.8308344E+07    8.4750061E+00   2.7308330E-02   8.4577246E+00   1.0022069E-02   2.1027698E+01   1.5320409E+01  -3.8514455E+01   2.5954852E+01
          2.8593892E+07    8.4750061E+00   2.7282309E-02   8.4577402E+00   1.0014889E-02   2.1005413E+01   1.5318043E+01  -3.7461281E+01   2.4952841E+01
          2.8907994E+07    8.4750061E+00   2.7245339E-02   8.4577565E+00   1.0007430E-02   2.0993583E+01   1.5315431E+01  -3.6936632E+01   2.4416404E+01
          2.8990708E+07    8.4750061E+00   2.7247319E-02   8.4577559E+00   1.0011079E-02   2.0982263E+01   1.5314619E+01  -3.6385278E+01   2.3860781E+01
          2.9081692E+07    8.4750061E+00   2.7257897E-02   8.4577549E+00   1.0016702E-02   2.0936507E+01   1.5313865E+01  -3.5987670E+01   2.3508968E+01
          2.9181774E+07    8.4750061E+00   2.7247902E-02   8.4577635E+00   1.0014256E-02   2.0908584E+01   1.5313185E+01  -3.5662632E+01   2.3211893E+01
          2.9291866E+07    8.4750061E+00   2.7231636E-02   8.4577649E+00   1.0017366E-02   2.0900485E+01   1.5312278E+01  -3.5519423E+01   2.3076831E+01
          2.9412966E+07    8.4750061E+00   2.7254540E-02   8.4577657E+00   1.0020917E-02   2.0887659E+01   1.5311396E+01  -3.5088397E+01   2.2658681E+01
          2.9546176E+07    8.4750061E+00   2.7241323E-02   8.4577745E+00   1.0015991E-02   2.0865441E+01   1.5310625E+01  -3.4794889E+01   2.2387460E+01
          2.9692708E+07    8.4750061E+00   2.7232006E-02   8.4577815E+00   1.0011612E-02   2.0847811E+01   1.5309619E+01  -3.4464230E+01   2.2074510E+01
          2.9853892E+07    8.4750061E+00   2.7223080E-02   8.4577843E+00   1.0015507E-02   2.0801591E+01   1.5308769E+01  -3.4484713E+01   2.2141278E+01
          3.0031194E+07    8.4750061E+00   2.7222715E-02   8.4577903E+00   1.0010788E-02   2.0751400E+01   1.5307283E+01  -3.4220519E+01   2.1929461E+01
          3.0226228E+07    8.4750061E+00   2.7223986E-02   8.4577866E+00   1.0014655E-02   2.0721333E+01   1.5305395E+01  -3.3694220E+01   2.1432504E+01
          3.0440764E+07    8.4750061E+00   2.7247846E-02   8.4577826E+00   1.0020136E-02   2.0681571E+01   1.5303151E+01  -3.3177487E+01   2.0960942E+01
          3.0676754E+07    8.4750061E+00   2.7270962E-02   8.4577668E+00   1.0037863E-02   2.0638184E+01   1.5300919E+01  -3.2637285E+01   2.0468449E+01
          3.0936344E+07    8.4750061E+00   2.7329084E-02   8.4577408E+00   1.0064597E-02   2.0567987E+01   1.5298729E+01  -3.1986555E+01   1.9887831E+01
          3.1221892E+07    8.4750061E+00   2.7375095E-02   8.4577209E+00   1.0084186E-02   2.0518724E+01   1.5296254E+01  -3.1443848E+01   1.9397898E+01
          3.1535994E+07    8.4750061E+00   2.7423713E-02   8.4576914E+00   1.0119757E-02   2.0478678E+01   1.5293223E+01  -3.1383175E+01   1.9368981E+01
