 "LOCATION OF SPECIFIED CELL FOR PRINTING VOLUMES AND RATES IN UNSATURATED ZONE: GAGE    3 ROW, COLUMN   12,   9 INITIAL LAYER ASSIGNMENT    1"
 "DATA:  LAYER             TIME        GW-HEAD   UZ-THICKNESS CUM.-APL.-INF.   CUM.-INFILT.     CUM.-RECH.    TOTAL-STOR.   STOR.-CHANGE    SURF.-LEAK. APL.-INF.-RATE    INFIL.-RATE     RECH.-RATE     STOR.-RATE     SEEP.-RATE "

             1    2.6280000E+06  1.0355986E+03  2.3901367E+01  1.3140000E+05  1.3140000E+05  1.3140000E+05  0.0000000E+00  0.0000000E+00  0.0000000E+00  4.9999997E-02  4.9999997E-02  4.9999997E-02  0.0000000E+00  0.0000000E+00
             1    2.7107130E+06  1.0355986E+03  2.3901367E+01  1.6448522E+05  1.6448522E+05  1.3554406E+05  2.5978062E+06 -7.4450172E+04  0.0000000E+00  3.9999998E-01  3.9999998E-01  5.0101615E-02 -9.0010166E-01  0.0000000E+00
             1    2.8016975E+06  1.0355988E+03  2.3901245E+01  2.0087898E+05  2.0087898E+05  1.4010131E+05  2.5159122E+06 -1.5634414E+05  0.0000000E+00  3.9999998E-01  3.9999998E-01  5.0088264E-02 -9.0008831E-01  0.0000000E+00
             1    2.9017802E+06  1.0355990E+03  2.3901001E+01  2.4091211E+05  2.4091211E+05  1.4512894E+05  2.4258142E+06 -2.4644217E+05  0.0000000E+00  3.9999998E-01  3.9999998E-01  5.0234664E-02 -9.0023470E-01  0.0000000E+00
             1    3.0118712E+06  1.0355992E+03  2.3900757E+01  2.8494856E+05  2.8494856E+05  1.5065678E+05  2.3267090E+06 -3.4554747E+05  0.0000000E+00  3.9999998E-01  3.9999998E-01  5.0211612E-02 -9.0021163E-01  0.0000000E+00
             1    3.1329715E+06  1.0355995E+03  2.3900513E+01  3.3338862E+05  3.3338862E+05  1.5675069E+05  2.2176800E+06 -4.5457656E+05  0.0000000E+00  3.9999998E-01  3.9999998E-01  5.0321192E-02 -9.0032125E-01  0.0000000E+00
             1    3.2661818E+06  1.0355999E+03  2.3900146E+01  3.8667272E+05  3.8667272E+05  1.6345211E+05  2.0977498E+06 -5.7450669E+05  0.0000000E+00  3.9999998E-01  3.9999998E-01  5.0307110E-02 -9.0030712E-01  0.0000000E+00
             1    3.4127130E+06  1.0356005E+03  2.3899536E+01  4.4528522E+05  4.4528522E+05  1.7083745E+05  1.9658129E+06 -7.0644362E+05  0.0000000E+00  3.9999998E-01  3.9999998E-01  5.0401092E-02 -9.0040112E-01  0.0000000E+00
             1    3.5738975E+06  1.0356012E+03  2.3898804E+01  5.0975897E+05  5.0975897E+05  1.7897895E+05  1.8206646E+06 -8.5159181E+05  0.0000000E+00  3.9999998E-01  3.9999998E-01  5.0510444E-02 -9.0051049E-01  0.0000000E+00
             1    3.7512002E+06  1.0356021E+03  2.3897949E+01  5.8068012E+05  5.8068012E+05  1.8793752E+05  1.6609986E+06 -1.0112578E+06  0.0000000E+00  3.9999998E-01  3.9999998E-01  5.0526921E-02 -9.0052694E-01  0.0000000E+00
             1    3.9462332E+06  1.0356029E+03  2.3897095E+01  6.5869338E+05  6.5869338E+05  1.9779122E+05  1.4853668E+06 -1.1868896E+06  0.0000000E+00  3.9999998E-01  3.9999998E-01  5.0523218E-02 -9.0052325E-01  0.0000000E+00
             1    4.1607698E+06  1.0356039E+03  2.3896118E+01  7.4450794E+05  7.4450794E+05  2.0862750E+05  1.4064340E+06 -1.2658224E+06  0.0000000E+00  3.9999998E-01  3.9999998E-01  5.0510231E-02 -3.6792237E-01  0.0000000E+00
             1    4.3967600E+06  1.0356050E+03  2.3895020E+01  8.3890394E+05  8.3890394E+05  2.2055183E+05  1.4478465E+06 -1.2244100E+06  0.0000000E+00  3.9999998E-01  3.9999998E-01  5.0528936E-02  1.7548373E-01  0.0000000E+00
             1    4.6563490E+06  1.0356063E+03  2.3893677E+01  9.4273956E+05  9.4273956E+05  2.3367744E+05  1.4890509E+06 -1.1832055E+06  0.0000000E+00  3.9999998E-01  3.9999998E-01  5.0563063E-02  1.5872943E-01  0.0000000E+00
             1    4.9418970E+06  1.0356077E+03  2.3892334E+01  1.0569588E+06  1.0569588E+06  2.4810248E+05  1.5289531E+06 -1.1433032E+06  0.0000000E+00  3.9999998E-01  3.9999998E-01  5.0517056E-02  1.3973930E-01  0.0000000E+00
             1    5.2560000E+06  1.0356091E+03  2.3890869E+01  1.1825999E+06  1.1825999E+06  2.6397888E+05  1.5664924E+06 -1.1057641E+06  0.0000000E+00  3.9999998E-01  3.9999998E-01  5.0545171E-02  1.1951232E-01  0.0000000E+00
             1    5.3387130E+06  1.0356095E+03  2.3890503E+01  1.2239564E+06  1.2239564E+06  2.6815606E+05  1.5836668E+06 -1.0885896E+06  0.0000000E+00  5.0000000E-01  5.0000000E-01  5.0502382E-02  2.0763914E-01  0.0000000E+00
             1    5.4296975E+06  1.0356100E+03  2.3890015E+01  1.2694486E+06  1.2694486E+06  2.7275028E+05  1.6020470E+06 -1.0702095E+06  0.0000000E+00  5.0000000E-01  5.0000000E-01  5.0494313E-02  2.0201458E-01  0.0000000E+00
             1    5.5297805E+06  1.0356105E+03  2.3889526E+01  1.3194900E+06  1.3194900E+06  2.7780988E+05  1.6216551E+06 -1.0506012E+06  0.0000000E+00  5.0000000E-01  5.0000000E-01  5.0554086E-02  1.9591968E-01  0.0000000E+00
             1    5.6398715E+06  1.0356108E+03  2.3889160E+01  1.3745356E+06  1.3745356E+06  2.8336331E+05  1.6425135E+06 -1.0297429E+06  0.0000000E+00  5.0000000E-01  5.0000000E-01  5.0444055E-02  1.8946421E-01  0.0000000E+00
             1    5.7609715E+06  1.0356113E+03  2.3888672E+01  1.4350856E+06  1.4350856E+06  2.8946431E+05  1.6646214E+06 -1.0076350E+06  0.0000000E+00  5.0000000E-01  5.0000000E-01  5.0379846E-02  1.8255900E-01  0.0000000E+00
             1    5.8941815E+06  1.0356118E+03  2.3888184E+01  1.5016908E+06  1.5016908E+06  2.9618375E+05  1.6879226E+06 -9.8433375E+05  0.0000000E+00  5.0000000E-01  5.0000000E-01  5.0442409E-02  1.7492093E-01  0.0000000E+00
             1    6.0407130E+06  1.0356124E+03  2.3887573E+01  1.5749564E+06  1.5749564E+06  3.0357744E+05  1.7123746E+06 -9.5988181E+05  0.0000000E+00  5.0000000E-01  5.0000000E-01  5.0457980E-02  1.6687191E-01  0.0000000E+00
             1    6.2018975E+06  1.0356132E+03  2.3886841E+01  1.6555486E+06  1.6555486E+06  3.1171522E+05  1.7378900E+06 -9.3436644E+05  0.0000000E+00  5.0000000E-01  5.0000000E-01  5.0487444E-02  1.5829930E-01  0.0000000E+00
             1    6.3792005E+06  1.0356139E+03  2.3886108E+01  1.7442000E+06  1.7442000E+06  3.2066956E+05  1.7647635E+06 -9.0749294E+05  0.0000000E+00  5.0000000E-01  5.0000000E-01  5.0503116E-02  1.5156849E-01  0.0000000E+00
             1    6.5742335E+06  1.0356147E+03  2.3885254E+01  1.8417166E+06  1.8417166E+06  3.3050853E+05  1.7925395E+06 -8.7971694E+05  0.0000000E+00  5.0000000E-01  5.0000000E-01  5.0447714E-02  1.4241666E-01  0.0000000E+00
             1    6.7887700E+06  1.0356156E+03  2.3884399E+01  1.9489848E+06  1.9489848E+06  3.4133219E+05  1.8209839E+06 -8.5127262E+05  0.0000000E+00  5.0000000E-01  5.0000000E-01  5.0451312E-02  1.3258509E-01  0.0000000E+00
             1    7.0247600E+06  1.0356165E+03  2.3883545E+01  2.0669799E+06  2.0669799E+06  3.5323797E+05  1.8498544E+06 -8.2240200E+05  0.0000000E+00  5.0000000E-01  5.0000000E-01  5.0450400E-02  1.2233823E-01  0.0000000E+00
             1    7.2843490E+06  1.0356176E+03  2.3882446E+01  2.1967745E+06  2.1967745E+06  3.6632841E+05  1.8791438E+06 -7.9311275E+05  0.0000000E+00  5.0000000E-01  5.0000000E-01  5.0427478E-02  1.1282938E-01  0.0000000E+00
             1    7.5698970E+06  1.0356187E+03  2.3881348E+01  2.3395485E+06  2.3395485E+06  3.8073369E+05  1.9082694E+06 -7.6398706E+05  0.0000000E+00  5.0000000E-01  5.0000000E-01  5.0447859E-02  1.0199923E-01  0.0000000E+00
             1    7.8840000E+06  1.0356199E+03  2.3880127E+01  2.4965998E+06  2.4965998E+06  3.9657450E+05  1.9351576E+06 -7.3709875E+05  0.0000000E+00  5.0000000E-01  5.0000000E-01  5.0431900E-02  8.5603476E-02  0.0000000E+00
             1    7.9667130E+06  1.0356202E+03  2.3879761E+01  2.5793128E+06  2.5793128E+06  4.0074916E+05  1.9827126E+06 -6.8954381E+05  0.0000000E+00  1.0000000E+00  1.0000000E+00  5.0471593E-02  5.7493895E-01  0.0000000E+00
             1    8.0576975E+06  1.0356206E+03  2.3879395E+01  2.6702972E+06  2.6702972E+06  4.0534394E+05  2.0345755E+06 -6.3768100E+05  0.0000000E+00  1.0000000E+00  1.0000000E+00  5.0500762E-02  5.7001883E-01  0.0000000E+00
             1    8.1577805E+06  1.0356210E+03  2.3879028E+01  2.7703800E+06  2.7703800E+06  4.1039231E+05  2.0910926E+06 -5.8116381E+05  0.0000000E+00  1.0000000E+00  1.0000000E+00  5.0442163E-02  5.6470430E-01  0.0000000E+00
             1    8.2678715E+06  1.0356213E+03  2.3878662E+01  2.8804712E+06  2.8804712E+06  4.1593972E+05  2.1526365E+06 -5.1961988E+05  0.0000000E+00  1.0000000E+00  1.0000000E+00  5.0389130E-02  5.5902731E-01  0.0000000E+00
             1    8.3889720E+06  1.0356217E+03  2.3878296E+01  3.0015712E+06  3.0015712E+06  4.2203222E+05  2.2196118E+06 -4.5264466E+05  0.0000000E+00  1.0000000E+00  1.0000000E+00  5.0309706E-02  5.5305612E-01  0.0000000E+00
             1    8.5221820E+06  1.0356222E+03  2.3877808E+01  3.1347815E+06  3.1347815E+06  4.2874147E+05  2.2923960E+06 -3.7986053E+05  0.0000000E+00  1.0000000E+00  1.0000000E+00  5.0365850E-02  5.4638529E-01  0.0000000E+00
             1    8.6687130E+06  1.0356228E+03  2.3877197E+01  3.2813128E+06  3.2813128E+06  4.3613675E+05  2.3714470E+06 -3.0080947E+05  0.0000000E+00  1.0000000E+00  1.0000000E+00  5.0468884E-02  5.3948271E-01  0.0000000E+00
             1    8.8298970E+06  1.0356234E+03  2.3876587E+01  3.4424972E+06  3.4424972E+06  4.4427212E+05  2.4572018E+06 -2.1505461E+05  0.0000000E+00  1.0000000E+00  1.0000000E+00  5.0472546E-02  5.3202951E-01  0.0000000E+00
             1    9.0072000E+06  1.0356241E+03  2.3875854E+01  3.6198000E+06  3.6198000E+06  4.5321222E+05  2.5505568E+06 -1.2169972E+05  0.0000000E+00  1.0000000E+00  1.0000000E+00  5.0422739E-02  5.2652794E-01  0.0000000E+00
             1    9.2022330E+06  1.0356249E+03  2.3875122E+01  3.8148332E+06  3.8148332E+06  4.6304797E+05  2.6517040E+06 -2.0552498E+04  0.0000000E+00  1.0000000E+00  1.0000000E+00  5.0431080E-02  5.1861560E-01  0.0000000E+00
             1    9.4167690E+06  1.0356257E+03  2.3874268E+01  4.0293695E+06  4.0293695E+06  4.7386597E+05  2.7611492E+06  8.8892820E+04  0.0000000E+00  1.0000000E+00  1.0000000E+00  5.0425053E-02  5.1014799E-01  0.0000000E+00
             1    9.6527590E+06  1.0356267E+03  2.3873291E+01  4.2653595E+06  4.2653595E+06  4.8577422E+05  2.8794878E+06  2.0723139E+05  0.0000000E+00  1.0000000E+00  1.0000000E+00  5.0460830E-02  5.0145572E-01  0.0000000E+00
             1    9.9123480E+06  1.0356278E+03  2.3872192E+01  4.5249490E+06  4.5249490E+06  4.9887944E+05  3.0075828E+06  3.3532644E+05  0.0000000E+00  1.0000000E+00  1.0000000E+00  5.0484434E-02  4.9345312E-01  0.0000000E+00
             1    1.0197896E+07  1.0356290E+03  2.3870972E+01  4.8104970E+06  4.8104970E+06  5.1329234E+05  3.1453598E+06  4.7310341E+05  0.0000000E+00  1.0000000E+00  1.0000000E+00  5.0474539E-02  4.8250031E-01  0.0000000E+00
             1    1.0511999E+07  1.0356305E+03  2.3869507E+01  5.1245995E+06  5.1245995E+06  5.2915900E+05  3.2872082E+06  6.1495181E+05  0.0000000E+00  1.0000000E+00  1.0000000E+00  5.0514232E-02  4.5159864E-01  0.0000000E+00
             1    1.0594712E+07  1.0356309E+03  2.3869141E+01  5.1452780E+06  5.1452780E+06  5.3333925E+05  3.2608170E+06  5.8856062E+05  0.0000000E+00  2.5000000E-01  2.5000000E-01  5.0539367E-02 -3.1906930E-01  0.0000000E+00
             1    1.0685696E+07  1.0356312E+03  2.3868774E+01  5.1680240E+06  5.1680240E+06  5.3793438E+05  3.2309278E+06  5.5867131E+05  0.0000000E+00  2.5000000E-01  2.5000000E-01  5.0504629E-02 -3.2851058E-01  0.0000000E+00
             1    1.0785779E+07  1.0356317E+03  2.3868286E+01  5.1930445E+06  5.1930445E+06  5.4298894E+05  3.1969770E+06  5.2472050E+05  0.0000000E+00  2.5000000E-01  2.5000000E-01  5.0503455E-02 -3.3922696E-01  0.0000000E+00
             1    1.0895870E+07  1.0356321E+03  2.3867920E+01  5.2205675E+06  5.2205675E+06  5.4854150E+05  3.1583702E+06  4.8611381E+05  0.0000000E+00  2.5000000E-01  2.5000000E-01  5.0435930E-02 -3.5067961E-01  0.0000000E+00
             1    1.1016970E+07  1.0356326E+03  2.3867432E+01  5.2508425E+06  5.2508425E+06  5.5464944E+05  3.1144038E+06  4.4214722E+05  0.0000000E+00  2.5000000E-01  2.5000000E-01  5.0437313E-02 -3.6305952E-01  0.0000000E+00
             1    1.1150180E+07  1.0356331E+03  2.3866943E+01  5.2841450E+06  5.2841450E+06  5.6136544E+05  3.0642160E+06  3.9195950E+05  0.0000000E+00  2.5000000E-01  2.5000000E-01  5.0416600E-02 -3.7675563E-01  0.0000000E+00
             1    1.1296711E+07  1.0356338E+03  2.3866211E+01  5.3207780E+06  5.3207780E+06  5.6876969E+05  3.0068060E+06  3.3454962E+05  0.0000000E+00  2.5000000E-01  2.5000000E-01  5.0530139E-02 -3.9179265E-01  0.0000000E+00
             1    1.1457895E+07  1.0356346E+03  2.3865356E+01  5.3610740E+06  5.3610740E+06  5.7691781E+05  2.9410522E+06  2.6879572E+05  0.0000000E+00  2.5000000E-01  2.5000000E-01  5.0551441E-02 -4.0794212E-01  0.0000000E+00
             1    1.1635198E+07  1.0356356E+03  2.3864380E+01  5.4053995E+06  5.4053995E+06  5.8589175E+05  2.8664252E+06  1.9416878E+05  0.0000000E+00  2.5000000E-01  2.5000000E-01  5.0613876E-02 -4.2090109E-01  0.0000000E+00
             1    1.1830231E+07  1.0356365E+03  2.3863525E+01  5.4541580E+06  5.4541580E+06  5.9538244E+05  2.7811825E+06  1.0892599E+05  0.0000000E+00  2.5000000E-01  2.5000000E-01  4.8661724E-02 -4.3706828E-01  0.0000000E+00
             1    1.2044767E+07  1.0356371E+03  2.3862915E+01  5.5077920E+06  5.5077920E+06  6.0496812E+05  2.6840928E+06  1.1836305E+04  0.0000000E+00  2.5000000E-01  2.5000000E-01  4.4681113E-02 -4.5255575E-01  0.0000000E+00
             1    1.2280757E+07  1.0356379E+03  2.3862061E+01  5.5667895E+06  5.5667895E+06  6.1552588E+05  2.5723730E+06 -9.9883453E+04  0.0000000E+00  2.5000000E-01  2.5000000E-01  4.4738077E-02 -4.7340873E-01  0.0000000E+00
             1    1.2540346E+07  1.0356388E+03  2.3861206E+01  5.6316870E+06  5.6316870E+06  6.2665806E+05  2.4447342E+06 -2.2752211E+05  0.0000000E+00  2.5000000E-01  2.5000000E-01  4.2883798E-02 -4.9169502E-01  0.0000000E+00
             1    1.2825894E+07  1.0356393E+03  2.3860718E+01  5.7030740E+06  5.7030740E+06  6.3772762E+05  2.2988790E+06 -3.7337750E+05  0.0000000E+00  2.5000000E-01  2.5000000E-01  3.8765997E-02 -5.1079112E-01  0.0000000E+00
             1    1.3139997E+07  1.0356400E+03  2.3859985E+01  5.7815995E+06  5.7815995E+06  6.4991962E+05  2.1306778E+06 -5.4157862E+05  0.0000000E+00  2.5000000E-01  2.5000000E-01  3.8815338E-02 -5.3549701E-01  0.0000000E+00
             1    1.3222710E+07  1.0356403E+03  2.3859741E+01  5.8229560E+06  5.8229560E+06  6.5313969E+05  2.1058410E+06 -5.6641556E+05  0.0000000E+00  5.0000000E-01  5.0000000E-01  3.8930368E-02 -3.0027825E-01  0.0000000E+00
             1    1.3313694E+07  1.0356405E+03  2.3859497E+01  5.8684480E+06  5.8684480E+06  6.5667962E+05  2.0778972E+06 -5.9435919E+05  0.0000000E+00  5.0000000E-01  5.0000000E-01  3.8907442E-02 -3.0712542E-01  0.0000000E+00
             1    1.3413777E+07  1.0356405E+03  2.3859497E+01  5.9184895E+06  5.9184895E+06  6.5997138E+05  2.0470072E+06 -6.2524912E+05  0.0000000E+00  5.0000000E-01  5.0000000E-01  3.2890022E-02 -3.0864432E-01  0.0000000E+00
             1    1.3523868E+07  1.0356405E+03  2.3859497E+01  5.9735350E+06  5.9735350E+06  6.6357300E+05  2.0121591E+06 -6.6009738E+05  0.0000000E+00  5.0000000E-01  5.0000000E-01  3.2714937E-02 -3.1653976E-01  0.0000000E+00
             1    1.3644968E+07  1.0356405E+03  2.3859497E+01  6.0340855E+06  6.0340855E+06  6.6753175E+05  1.9727614E+06 -6.9949506E+05  0.0000000E+00  5.0000000E-01  5.0000000E-01  3.2690037E-02 -3.2533145E-01  0.0000000E+00
             1    1.3778178E+07  1.0356405E+03  2.3859497E+01  6.1006905E+06  6.1006905E+06  6.7189081E+05  1.9299369E+06 -7.4231950E+05  0.0000000E+00  5.0000000E-01  5.0000000E-01  3.2723304E-02 -3.2148004E-01  0.0000000E+00
             1    1.3924709E+07  1.0356406E+03  2.3859375E+01  6.1739560E+06  6.1739560E+06  6.7668762E+05  1.8833148E+06 -7.8894169E+05  0.0000000E+00  5.0000000E-01  5.0000000E-01  3.2735642E-02 -3.1817237E-01  0.0000000E+00
             1    1.4085893E+07  1.0356407E+03  2.3859253E+01  6.2545485E+06  6.2545485E+06  6.8197112E+05  1.8359176E+06 -8.3633888E+05  0.0000000E+00  5.0000000E-01  5.0000000E-01  3.2779090E-02 -2.9405549E-01  0.0000000E+00
             1    1.4263196E+07  1.0356409E+03  2.3859131E+01  6.3431995E+06  6.3431995E+06  6.8777931E+05  1.7870406E+06 -8.8521588E+05  0.0000000E+00  5.0000000E-01  5.0000000E-01  3.2758743E-02 -2.7566969E-01  0.0000000E+00
             1    1.4458229E+07  1.0356409E+03  2.3859131E+01  6.4407160E+06  6.4407160E+06  6.9392881E+05  1.7381130E+06 -9.3414338E+05  0.0000000E+00  5.0000000E-01  5.0000000E-01  3.1530447E-02 -2.5086775E-01  0.0000000E+00
             1    1.4672765E+07  1.0356404E+03  2.3859619E+01  6.5479845E+06  6.5479845E+06  6.9963700E+05  1.6914455E+06 -9.8081088E+05  0.0000000E+00  5.0000000E-01  5.0000000E-01  2.6607068E-02 -2.1752720E-01  0.0000000E+00
             1    1.4908755E+07  1.0356399E+03  2.3860107E+01  6.6659795E+06  6.6659795E+06  7.0591319E+05  1.6479588E+06 -1.0242977E+06  0.0000000E+00  5.0000000E-01  5.0000000E-01  2.6595058E-02 -1.8427382E-01  0.0000000E+00
             1    1.5168344E+07  1.0356394E+03  2.3860596E+01  6.7957740E+06  6.7957740E+06  7.1282112E+05  1.6070775E+06 -1.0651790E+06  0.0000000E+00  5.0000000E-01  5.0000000E-01  2.6611160E-02 -1.5748458E-01  0.0000000E+00
             1    1.5453892E+07  1.0356388E+03  2.3861206E+01  6.9385480E+06  6.9385480E+06  7.2042000E+05  1.5726944E+06 -1.0995621E+06  0.0000000E+00  5.0000000E-01  5.0000000E-01  2.6611630E-02 -1.2041108E-01  0.0000000E+00
             1    1.5767995E+07  1.0356382E+03  2.3861816E+01  7.0955995E+06  7.0955995E+06  7.2877369E+05  1.5477242E+06 -1.1245321E+06  0.0000000E+00  5.0000000E-01  5.0000000E-01  2.6595315E-02 -7.9496399E-02  0.0000000E+00
             1    1.5850708E+07  1.0356381E+03  2.3861938E+01  7.1080065E+06  7.1080065E+06  7.3098075E+05  1.5149835E+06 -1.1572729E+06  0.0000000E+00  1.5000001E-01  1.5000001E-01  2.6683666E-02 -3.9583546E-01  0.0000000E+00
             1    1.5941692E+07  1.0356378E+03  2.3862183E+01  7.1216540E+06  7.1216540E+06  7.3305312E+05  1.4803521E+06 -1.1919044E+06  0.0000000E+00  1.5000001E-01  1.5000001E-01  2.2777224E-02 -3.8063058E-01  0.0000000E+00
             1    1.6041775E+07  1.0356375E+03  2.3862549E+01  7.1366665E+06  7.1366665E+06  7.3512100E+05  1.4450395E+06 -1.2272170E+06  0.0000000E+00  1.5000001E-01  1.5000001E-01  2.0661645E-02 -3.5283422E-01  0.0000000E+00
             1    1.6151866E+07  1.0356370E+03  2.3863037E+01  7.1531800E+06  7.1531800E+06  7.3739250E+05  1.4080960E+06 -1.2641604E+06  0.0000000E+00  1.5000001E-01  1.5000001E-01  2.0632423E-02 -3.3557144E-01  0.0000000E+00
             1    1.6272966E+07  1.0356365E+03  2.3863525E+01  7.1713450E+06  7.1713450E+06  7.3989425E+05  1.3701185E+06 -1.3021379E+06  0.0000000E+00  1.5000001E-01  1.5000001E-01  2.0658618E-02 -3.1360382E-01  0.0000000E+00
             1    1.6406176E+07  1.0356359E+03  2.3864136E+01  7.1913265E+06  7.1913265E+06  7.4264156E+05  1.3321626E+06 -1.3400938E+06  0.0000000E+00  1.5000001E-01  1.5000001E-01  2.0623771E-02 -2.8493187E-01  0.0000000E+00
             1    1.6552707E+07  1.0356353E+03  2.3864746E+01  7.2133065E+06  7.2133065E+06  7.4566369E+05  1.2948049E+06 -1.3774515E+06  0.0000000E+00  1.5000001E-01  1.5000001E-01  2.0624463E-02 -2.5494745E-01  0.0000000E+00
             1    1.6713891E+07  1.0356346E+03  2.3865356E+01  7.2374840E+06  7.2374840E+06  7.4899219E+05  1.2557821E+06 -1.4164742E+06  0.0000000E+00  1.5000001E-01  1.5000001E-01  2.0650316E-02 -2.4209999E-01  0.0000000E+00
             1    1.6891194E+07  1.0356339E+03  2.3866089E+01  7.2640795E+06  7.2640795E+06  7.5265419E+05  1.2115614E+06 -1.4606950E+06  0.0000000E+00  1.5000001E-01  1.5000001E-01  2.0653946E-02 -2.4940796E-01  0.0000000E+00
             1    1.7086228E+07  1.0356331E+03  2.3866943E+01  7.2933345E+06  7.2933345E+06  7.5667669E+05  1.1609475E+06 -1.5113090E+06  0.0000000E+00  1.5000001E-01  1.5000001E-01  2.0624826E-02 -2.5951475E-01  0.0000000E+00
             1    1.7300764E+07  1.0356321E+03  2.3867920E+01  7.3255150E+06  7.3255150E+06  7.6110000E+05  1.1029858E+06 -1.5692708E+06  0.0000000E+00  1.5000001E-01  1.5000001E-01  2.0618102E-02 -2.7017206E-01  0.0000000E+00
             1    1.7536754E+07  1.0356312E+03  2.3868774E+01  7.3609135E+06  7.3609135E+06  7.6597212E+05  1.0366097E+06 -1.6356468E+06  0.0000000E+00  1.5000001E-01  1.5000001E-01  2.0645224E-02 -2.8126630E-01  0.0000000E+00
             1    1.7796344E+07  1.0356302E+03  2.3869751E+01  7.3998520E+06  7.3998520E+06  7.7133794E+05  9.6086975E+05 -1.7113868E+06  0.0000000E+00  1.5000001E-01  1.5000001E-01  2.0670578E-02 -2.9176858E-01  0.0000000E+00
             1    1.8081892E+07  1.0356288E+03  2.3871216E+01  7.4426840E+06  7.4426840E+06  7.7630575E+05  8.7511444E+05 -1.7971420E+06  0.0000000E+00  1.5000001E-01  1.5000001E-01  1.7397447E-02 -3.0031836E-01  0.0000000E+00
             1    1.8395994E+07  1.0356270E+03  2.3873047E+01  7.4897995E+06  7.4897995E+06  7.8100688E+05  7.8009588E+05 -1.8921606E+06  0.0000000E+00  1.5000001E-01  1.5000001E-01  1.4966711E-02 -3.0250779E-01  0.0000000E+00
             1    1.8478708E+07  1.0356265E+03  2.3873535E+01  7.5104775E+06  7.5104775E+06  7.8225269E+05  7.6502350E+05 -1.9072329E+06  0.0000000E+00  2.5000000E-01  2.5000000E-01  1.5061868E-02 -1.8222451E-01  0.0000000E+00
             1    1.8569692E+07  1.0356260E+03  2.3874023E+01  7.5332235E+06  7.5332235E+06  7.8361650E+05  7.4885206E+05 -1.9234044E+06  0.0000000E+00  2.5000000E-01  2.5000000E-01  1.4990044E-02 -1.7773877E-01  0.0000000E+00
             1    1.8669774E+07  1.0356255E+03  2.3874512E+01  7.5582445E+06  7.5582445E+06  7.8511819E+05  7.3203756E+05 -1.9402189E+06  0.0000000E+00  2.5000000E-01  2.5000000E-01  1.5004477E-02 -1.6800562E-01  0.0000000E+00
             1    1.8779866E+07  1.0356248E+03  2.3875244E+01  7.5857670E+06  7.5857670E+06  7.8676812E+05  7.1526594E+05 -1.9569905E+06  0.0000000E+00  2.5000000E-01  2.5000000E-01  1.4986703E-02 -1.5234323E-01  0.0000000E+00
             1    1.8900966E+07  1.0356240E+03  2.3875977E+01  7.6160425E+06  7.6160425E+06  7.8858019E+05  6.9841119E+05 -1.9738452E+06  0.0000000E+00  2.5000000E-01  2.5000000E-01  1.4963389E-02 -1.3918021E-01  0.0000000E+00
             1    1.9034176E+07  1.0356232E+03  2.3876831E+01  7.6493450E+06  7.6493450E+06  7.9056869E+05  6.8200106E+05 -1.9902554E+06  0.0000000E+00  2.5000000E-01  2.5000000E-01  1.4927544E-02 -1.2318965E-01  0.0000000E+00
             1    1.9180708E+07  1.0356222E+03  2.3877808E+01  7.6859775E+06  7.6859775E+06  7.9276169E+05  6.6660650E+05 -2.0056500E+06  0.0000000E+00  2.5000000E-01  2.5000000E-01  1.4966265E-02 -1.0506024E-01  0.0000000E+00
             1    1.9341892E+07  1.0356211E+03  2.3878906E+01  7.7262735E+06  7.7262735E+06  7.9516819E+05  6.5322800E+05 -2.0190285E+06  0.0000000E+00  2.5000000E-01  2.5000000E-01  1.4930143E-02 -8.3001107E-02  0.0000000E+00
             1    1.9519194E+07  1.0356199E+03  2.3880127E+01  7.7705995E+06  7.7705995E+06  7.9781262E+05  6.4315369E+05 -2.0291028E+06  0.0000000E+00  2.5000000E-01  2.5000000E-01  1.4914768E-02 -5.6819733E-02  0.0000000E+00
             1    1.9714228E+07  1.0356185E+03  2.3881470E+01  7.8193575E+06  7.8193575E+06  8.0072138E+05  6.3813481E+05 -2.0341216E+06  0.0000000E+00  2.5000000E-01  2.5000000E-01  1.4914077E-02 -2.5733462E-02  0.0000000E+00
             1    1.9928764E+07  1.0356169E+03  2.3883057E+01  7.8729920E+06  7.8729920E+06  8.0391981E+05  6.4064812E+05 -2.0316082E+06  0.0000000E+00  2.5000000E-01  2.5000000E-01  1.4908536E-02  1.1715193E-02  0.0000000E+00
             1    2.0164754E+07  1.0356154E+03  2.3884644E+01  7.9319895E+06  7.9319895E+06  8.0743781E+05  6.5180500E+05 -2.0204515E+06  0.0000000E+00  2.5000000E-01  2.5000000E-01  1.4907425E-02  4.7276743E-02  0.0000000E+00
             1    2.0424344E+07  1.0356135E+03  2.3886475E+01  7.9968865E+06  7.9968865E+06  8.1131212E+05  6.6844731E+05 -2.0038091E+06  0.0000000E+00  2.5000000E-01  2.5000000E-01  1.4924763E-02  6.4110205E-02  0.0000000E+00
             1    2.0709892E+07  1.0356115E+03  2.3888550E+01  8.0682735E+06  8.0682735E+06  8.1556756E+05  6.8348781E+05 -1.9887686E+06  0.0000000E+00  2.5000000E-01  2.5000000E-01  1.4902746E-02  5.2672390E-02  0.0000000E+00
             1    2.1023994E+07  1.0356091E+03  2.3890869E+01  8.1467995E+06  8.1467995E+06  8.1989588E+05  6.9676119E+05 -1.9754952E+06  0.0000000E+00  2.5000000E-01  2.5000000E-01  1.3779960E-02  4.2258091E-02  0.0000000E+00
             1    2.1106708E+07  1.0356084E+03  2.3891602E+01  8.1592065E+06  8.1592065E+06  8.2070706E+05  6.9177031E+05 -1.9804861E+06  0.0000000E+00  1.5000001E-01  1.5000001E-01  9.8071732E-03 -6.0339857E-02  0.0000000E+00
             1    2.1197692E+07  1.0356077E+03  2.3892334E+01  8.1728540E+06  8.1728540E+06  8.2159462E+05  6.8603094E+05 -1.9862255E+06  0.0000000E+00  1.5000001E-01  1.5000001E-01  9.7548235E-03 -6.3080922E-02  0.0000000E+00
             1    2.1297774E+07  1.0356069E+03  2.3893066E+01  8.1878665E+06  8.1878665E+06  8.2257612E+05  6.7938281E+05 -1.9928736E+06  0.0000000E+00  1.5000001E-01  1.5000001E-01  9.8068332E-03 -6.6426024E-02  0.0000000E+00
             1    2.1407866E+07  1.0356061E+03  2.3893921E+01  8.2043800E+06  8.2043800E+06  8.2365812E+05  6.7167219E+05 -2.0005842E+06  0.0000000E+00  1.5000001E-01  1.5000001E-01  9.8284828E-03 -7.0038460E-02  0.0000000E+00
             1    2.1528966E+07  1.0356052E+03  2.3894775E+01  8.2225450E+06  8.2225450E+06  8.2485006E+05  6.6273175E+05 -2.0095248E+06  0.0000000E+00  1.5000001E-01  1.5000001E-01  9.8423045E-03 -7.3826991E-02  0.0000000E+00
             1    2.1662176E+07  1.0356044E+03  2.3895630E+01  8.2425265E+06  8.2425265E+06  8.2616631E+05  6.5237500E+05 -2.0198814E+06  0.0000000E+00  1.5000001E-01  1.5000001E-01  9.8812394E-03 -7.7747211E-02  0.0000000E+00
             1    2.1808708E+07  1.0356035E+03  2.3896484E+01  8.2645065E+06  8.2645065E+06  8.2761738E+05  6.4037369E+05 -2.0318828E+06  0.0000000E+00  1.5000001E-01  1.5000001E-01  9.9025248E-03 -8.1902683E-02  0.0000000E+00
             1    2.1969892E+07  1.0356027E+03  2.3897339E+01  8.2886840E+06  8.2886840E+06  8.2921844E+05  6.2648325E+05 -2.0457732E+06  0.0000000E+00  1.5000001E-01  1.5000001E-01  9.9330982E-03 -8.6177431E-02  0.0000000E+00
             1    2.2147194E+07  1.0356018E+03  2.3898193E+01  8.3152795E+06  8.3152795E+06  8.3098438E+05  6.1065756E+05 -2.0615989E+06  0.0000000E+00  1.5000001E-01  1.5000001E-01  9.9601531E-03 -8.9258052E-02  0.0000000E+00
             1    2.2342228E+07  1.0356010E+03  2.3899048E+01  8.3445345E+06  8.3445345E+06  8.3293050E+05  5.9245288E+05 -2.0798035E+06  0.0000000E+00  1.5000001E-01  1.5000001E-01  9.9785514E-03 -9.3341380E-02  0.0000000E+00
             1    2.2556764E+07  1.0356001E+03  2.3899902E+01  8.3767150E+06  8.3767150E+06  8.3507388E+05  5.7158094E+05 -2.1006755E+06  0.0000000E+00  1.5000001E-01  1.5000001E-01  9.9907666E-03 -9.7288474E-02  0.0000000E+00
             1    2.2792754E+07  1.0355994E+03  2.3900635E+01  8.4121130E+06  8.4121130E+06  8.3744338E+05  5.4774950E+05 -2.1245070E+06  0.0000000E+00  1.5000001E-01  1.5000001E-01  1.0040581E-02 -1.0098498E-01  0.0000000E+00
             1    2.3052344E+07  1.0355986E+03  2.3901367E+01  8.4510520E+06  8.4510520E+06  8.4005600E+05  5.2069509E+05 -2.1515612E+06  0.0000000E+00  1.5000001E-01  1.5000001E-01  1.0064536E-02 -1.0422009E-01  0.0000000E+00
             1    2.3337892E+07  1.0355979E+03  2.3902100E+01  8.4938840E+06  8.4938840E+06  8.4293138E+05  4.9000641E+05 -2.1822500E+06  0.0000000E+00  1.5000001E-01  1.5000001E-01  1.0069679E-02 -1.0747300E-01  0.0000000E+00
             1    2.3651994E+07  1.0355973E+03  2.3902710E+01  8.5409990E+06  8.5409990E+06  8.4610325E+05  4.5781331E+05 -2.2144430E+06  0.0000000E+00  1.5000001E-01  1.5000001E-01  1.0098202E-02 -1.0249218E-01  0.0000000E+00
             1    2.3734708E+07  1.0355972E+03  2.3902832E+01  8.5492710E+06  8.5492710E+06  8.4694275E+05  4.4705994E+05 -2.2251965E+06  0.0000000E+00  9.9999994E-02  9.9999994E-02  1.0148951E-02 -1.3000832E-01  0.0000000E+00
             1    2.3825692E+07  1.0355969E+03  2.3903076E+01  8.5583690E+06  8.5583690E+06  8.4786150E+05  4.3631709E+05 -2.2359392E+06  0.0000000E+00  9.9999994E-02  9.9999994E-02  1.0098118E-02 -1.1807340E-01  0.0000000E+00
             1    2.3925774E+07  1.0355968E+03  2.3903198E+01  8.5683770E+06  8.5683770E+06  8.4887031E+05  4.2592600E+05 -2.2463305E+06  0.0000000E+00  9.9999994E-02  9.9999994E-02  1.0079746E-02 -1.0382492E-01  0.0000000E+00
             1    2.4035866E+07  1.0355966E+03  2.3903442E+01  8.5793860E+06  8.5793860E+06  8.4998169E+05  4.1628428E+05 -2.2559722E+06  0.0000000E+00  9.9999994E-02  9.9999994E-02  1.0095345E-02 -8.7579668E-02  0.0000000E+00
             1    2.4156966E+07  1.0355963E+03  2.3903687E+01  8.5914960E+06  8.5914960E+06  8.5120900E+05  4.0805822E+05 -2.2641982E+06  0.0000000E+00  9.9999994E-02  9.9999994E-02  1.0134262E-02 -6.7927502E-02  0.0000000E+00
             1    2.4290176E+07  1.0355961E+03  2.3903931E+01  8.6048170E+06  8.6048170E+06  8.5255156E+05  4.0037272E+05 -2.2718838E+06  0.0000000E+00  9.9999994E-02  9.9999994E-02  1.0078652E-02 -5.7694647E-02  0.0000000E+00
             1    2.4436708E+07  1.0355958E+03  2.3904175E+01  8.6194710E+06  8.6194710E+06  8.5403256E+05  3.9176494E+05 -2.2804915E+06  0.0000000E+00  9.9999994E-02  9.9999994E-02  1.0107065E-02 -5.8743693E-02  0.0000000E+00
             1    2.4597892E+07  1.0355956E+03  2.3904419E+01  8.6355890E+06  8.6355890E+06  8.5566738E+05  3.8211500E+05 -2.2901415E+06  0.0000000E+00  9.9999994E-02  9.9999994E-02  1.0142456E-02 -5.9868883E-02  0.0000000E+00
             1    2.4775194E+07  1.0355953E+03  2.3904663E+01  8.6533190E+06  8.6533190E+06  8.5746394E+05  3.7140391E+05 -2.3008525E+06  0.0000000E+00  9.9999994E-02  9.9999994E-02  1.0132934E-02 -6.0411278E-02  0.0000000E+00
             1    2.4970228E+07  1.0355951E+03  2.3904907E+01  8.6728230E+06  8.6728230E+06  8.5943844E+05  3.5964516E+05 -2.3126112E+06  0.0000000E+00  9.9999994E-02  9.9999994E-02  1.0123934E-02 -6.0291108E-02  0.0000000E+00
             1    2.5184764E+07  1.0355947E+03  2.3905273E+01  8.6942760E+06  8.6942760E+06  8.6161019E+05  3.4680322E+05 -2.3254532E+06  0.0000000E+00  9.9999994E-02  9.9999994E-02  1.0122811E-02 -5.9858941E-02  0.0000000E+00
             1    2.5420754E+07  1.0355945E+03  2.3905518E+01  8.7178750E+06  8.7178750E+06  8.6400256E+05  3.3245259E+05 -2.3398038E+06  0.0000000E+00  9.9999994E-02  9.9999994E-02  1.0137686E-02 -6.0810313E-02  0.0000000E+00
             1    2.5680344E+07  1.0355941E+03  2.3905884E+01  8.7438340E+06  8.7438340E+06  8.6663525E+05  3.1662809E+05 -2.3556282E+06  0.0000000E+00  9.9999994E-02  9.9999994E-02  1.0141619E-02 -6.0959861E-02  0.0000000E+00
             1    2.5965892E+07  1.0355938E+03  2.3906250E+01  8.7723890E+06  8.7723890E+06  8.6937856E+05  3.0532384E+05 -2.3669325E+06  0.0000000E+00  9.9999994E-02  9.9999994E-02  9.6071959E-03 -3.9587859E-02  0.0000000E+00
             1    2.6279994E+07  1.0355928E+03  2.3907227E+01  8.8037990E+06  8.8037990E+06  8.7114919E+05  3.0318281E+05 -2.3690738E+06  0.0000000E+00  9.9999994E-02  9.9999994E-02  5.6371805E-03 -6.8163429E-03  0.0000000E+00
             1    2.6362708E+07  1.0355925E+03  2.3907471E+01  8.8079350E+06  8.8079350E+06  8.7161531E+05  2.9872978E+05 -2.3735268E+06  0.0000000E+00  4.9999997E-02  4.9999997E-02  5.6357509E-03 -5.3837106E-02  0.0000000E+00
             1    2.6453692E+07  1.0355923E+03  2.3907715E+01  8.8124840E+06  8.8124840E+06  8.7212700E+05  2.9385025E+05 -2.3784062E+06  0.0000000E+00  4.9999997E-02  4.9999997E-02  5.6238943E-03 -5.3630356E-02  0.0000000E+00
             1    2.6553774E+07  1.0355920E+03  2.3907959E+01  8.8174880E+06  8.8174880E+06  8.7269269E+05  2.8845675E+05 -2.3837998E+06  0.0000000E+00  4.9999997E-02  4.9999997E-02  5.6520840E-03 -5.3890344E-02  0.0000000E+00
             1    2.6663866E+07  1.0355917E+03  2.3908325E+01  8.8229930E+06  8.8229930E+06  8.7331144E+05  2.8245388E+05 -2.3898025E+06  0.0000000E+00  4.9999997E-02  4.9999997E-02  5.6203548E-03 -5.4526482E-02  0.0000000E+00
             1    2.6784966E+07  1.0355913E+03  2.3908691E+01  8.8290480E+06  8.8290480E+06  8.7399331E+05  2.7576984E+05 -2.3964865E+06  0.0000000E+00  4.9999997E-02  4.9999997E-02  5.6307646E-03 -5.5194315E-02  0.0000000E+00
             1    2.6918176E+07  1.0355908E+03  2.3909180E+01  8.8357080E+06  8.8357080E+06  8.7474262E+05  2.6835316E+05 -2.4039032E+06  0.0000000E+00  4.9999997E-02  4.9999997E-02  5.6248782E-03 -5.5676468E-02  0.0000000E+00
             1    2.7064708E+07  1.0355903E+03  2.3909668E+01  8.8430350E+06  8.8430350E+06  8.7556725E+05  2.6018034E+05 -2.4120760E+06  0.0000000E+00  4.9999997E-02  4.9999997E-02  5.6275129E-03 -5.5775221E-02  0.0000000E+00
             1    2.7225892E+07  1.0355898E+03  2.3910156E+01  8.8510940E+06  8.8510940E+06  8.7647275E+05  2.5120175E+05 -2.4210548E+06  0.0000000E+00  4.9999997E-02  4.9999997E-02  5.6177769E-03 -5.5703878E-02  0.0000000E+00
             1    2.7403194E+07  1.0355892E+03  2.3910767E+01  8.8599590E+06  8.8599590E+06  8.7747062E+05  2.4137094E+05 -2.4308855E+06  0.0000000E+00  4.9999997E-02  4.9999997E-02  5.6282715E-03 -5.5446442E-02  0.0000000E+00
             1    2.7598228E+07  1.0355886E+03  2.3911377E+01  8.8697110E+06  8.8697110E+06  8.7856538E+05  2.3039841E+05 -2.4418580E+06  0.0000000E+00  4.9999997E-02  4.9999997E-02  5.6130616E-03 -5.6259822E-02  0.0000000E+00
             1    2.7812764E+07  1.0355879E+03  2.3912109E+01  8.8804380E+06  8.8804380E+06  8.7976994E+05  2.1899644E+05 -2.4532600E+06  0.0000000E+00  4.9999997E-02  4.9999997E-02  5.6145689E-03 -5.3146996E-02  0.0000000E+00
             1    2.8048754E+07  1.0355872E+03  2.3912842E+01  8.8922370E+06  8.8922370E+06  8.8109831E+05  2.1063859E+05 -2.4616178E+06  0.0000000E+00  4.9999997E-02  4.9999997E-02  5.6290720E-03 -3.5416126E-02  0.0000000E+00
             1    2.8308344E+07  1.0355863E+03  2.3913696E+01  8.9052170E+06  8.9052170E+06  8.8255769E+05  2.0747841E+05 -2.4647780E+06  0.0000000E+00  4.9999997E-02  4.9999997E-02  5.6219711E-03 -1.2173800E-02  0.0000000E+00
             1    2.8593892E+07  1.0355852E+03  2.3914795E+01  8.9194940E+06  8.9194940E+06  8.8416062E+05  2.0624266E+05 -2.4660138E+06  0.0000000E+00  4.9999997E-02  4.9999997E-02  5.6135068E-03 -4.3276139E-03  0.0000000E+00
             1    2.8907994E+07  1.0355840E+03  2.3916016E+01  8.9351990E+06  8.9351990E+06  8.8592062E+05  2.0459664E+05 -2.4676598E+06  0.0000000E+00  4.9999997E-02  4.9999997E-02  5.6031775E-03 -5.2404199E-03  0.0000000E+00
             1    2.8990708E+07  1.0355837E+03  2.3916260E+01  8.9393350E+06  8.9393350E+06  8.8638281E+05  2.0412883E+05 -2.4681275E+06  0.0000000E+00  4.9999997E-02  4.9999997E-02  5.5877552E-03 -5.6557287E-03  0.0000000E+00
             1    2.9081692E+07  1.0355834E+03  2.3916626E+01  8.9438840E+06  8.9438840E+06  8.8689575E+05  2.0362872E+05 -2.4686278E+06  0.0000000E+00  4.9999997E-02  4.9999997E-02  5.6375423E-03 -5.4967594E-03  0.0000000E+00
             1    2.9181774E+07  1.0355830E+03  2.3916992E+01  8.9488880E+06  8.9488880E+06  8.8745444E+05  2.0309780E+05 -2.4691588E+06  0.0000000E+00  4.9999997E-02  4.9999997E-02  5.5827782E-03 -5.3047873E-03  0.0000000E+00
             1    2.9291866E+07  1.0355825E+03  2.3917480E+01  8.9543930E+06  8.9543930E+06  8.8806825E+05  2.0253528E+05 -2.4697212E+06  0.0000000E+00  4.9999997E-02  4.9999997E-02  5.5752089E-03 -5.1095244E-03  0.0000000E+00
             1    2.9412966E+07  1.0355819E+03  2.3918091E+01  8.9604480E+06  8.9604480E+06  8.8874388E+05  2.0192289E+05 -2.4703335E+06  0.0000000E+00  4.9999997E-02  4.9999997E-02  5.5793049E-03 -5.0569284E-03  0.0000000E+00
             1    2.9546176E+07  1.0355813E+03  2.3918701E+01  8.9671080E+06  8.9671080E+06  8.8948531E+05  2.0116922E+05 -2.4710872E+06  0.0000000E+00  4.9999997E-02  4.9999997E-02  5.5658133E-03 -5.6577763E-03  0.0000000E+00
             1    2.9692708E+07  1.0355806E+03  2.3919434E+01  8.9744350E+06  8.9744350E+06  8.9029969E+05  2.0026852E+05 -2.4719880E+06  0.0000000E+00  4.9999997E-02  4.9999997E-02  5.5575492E-03 -6.1467881E-03  0.0000000E+00
             1    2.9853892E+07  1.0355798E+03  2.3920166E+01  8.9824940E+06  8.9824940E+06  8.9119875E+05  1.9925286E+05 -2.4730035E+06  0.0000000E+00  4.9999997E-02  4.9999997E-02  5.5779940E-03 -6.3011535E-03  0.0000000E+00
             1    3.0031194E+07  1.0355791E+03  2.3920898E+01  8.9913590E+06  8.9913590E+06  8.9218750E+05  1.9813986E+05 -2.4741165E+06  0.0000000E+00  4.9999997E-02  4.9999997E-02  5.5763605E-03 -6.2774783E-03  0.0000000E+00
             1    3.0226228E+07  1.0355782E+03  2.3921753E+01  9.0011110E+06  9.0011110E+06  8.9327488E+05  1.9698305E+05 -2.4752735E+06  0.0000000E+00  4.9999997E-02  4.9999997E-02  5.5753672E-03 -5.9313648E-03  0.0000000E+00
             1    3.0440764E+07  1.0355771E+03  2.3922852E+01  9.0118380E+06  9.0118380E+06  8.9446850E+05  1.9563839E+05 -2.4766180E+06  0.0000000E+00  4.9999997E-02  4.9999997E-02  5.5639092E-03 -6.2677306E-03  0.0000000E+00
             1    3.0676754E+07  1.0355760E+03  2.3923950E+01  9.0236370E+06  9.0236370E+06  8.9578106E+05  1.9417680E+05 -2.4780798E+06  0.0000000E+00  4.9999997E-02  4.9999997E-02  5.5620051E-03 -6.1934558E-03  0.0000000E+00
             1    3.0936344E+07  1.0355747E+03  2.3925293E+01  9.0366170E+06  9.0366170E+06  8.9722538E+05  1.9281141E+05 -2.4794450E+06  0.0000000E+00  4.9999997E-02  4.9999997E-02  5.5637336E-03 -5.2597830E-03  0.0000000E+00
             1    3.1221892E+07  1.0355732E+03  2.3926758E+01  9.0508940E+06  9.0508940E+06  8.9881006E+05  1.9159389E+05 -2.4806625E+06  0.0000000E+00  4.9999997E-02  4.9999997E-02  5.5497088E-03 -4.2638159E-03  0.0000000E+00
             1    3.1535994E+07  1.0355717E+03  2.3928345E+01  9.0665990E+06  9.0665990E+06  9.0055288E+05  1.8996505E+05 -2.4822915E+06  0.0000000E+00  4.9999997E-02  4.9999997E-02  5.5484297E-03 -5.1856721E-03  0.0000000E+00
