 "LOCATION OF SPECIFIED CELL FOR PRINTING VOLUMES IN UNSATURATED ZONE: GAGE    2 ROW, COLUMN    6,   9 INITIAL LAYER ASSIGNMENT    1"
 "DATA:  LAYER             TIME        GW-HEAD   UZ-THICKNESS CUM.-APL.-INF.   CUM.-INFILT.     CUM.-RECH.    TOTAL-STOR.   STOR.-CHANGE    SURF.-LEAK. "
             1    2.6280000E+06  1.0621115E+03  2.2388550E+01  6.5700000E+04  6.5700000E+04  6.5700000E+04  0.0000000E+00  0.0000000E+00  0.0000000E+00
             1    2.7107130E+06  1.0621115E+03  2.2388550E+01  8.2242609E+04  8.2242609E+04  6.7787398E+04  7.7296220E+06 -4.7579586E+04  0.0000000E+00
             1    2.8016975E+06  1.0621115E+03  2.2388550E+01  1.0043949E+05  1.0043949E+05  7.0058586E+04  7.6773095E+06 -9.9892180E+04  0.0000000E+00
             1    2.9017802E+06  1.0621116E+03  2.2388428E+01  1.2045605E+05  1.2045605E+05  7.2573195E+04  7.6197495E+06 -1.5745233E+05  0.0000000E+00
             1    3.0118712E+06  1.0621117E+03  2.2388306E+01  1.4247428E+05  1.4247428E+05  7.5368672E+04  7.5564040E+06 -2.2079792E+05  0.0000000E+00
             1    3.1329715E+06  1.0621118E+03  2.2388184E+01  1.6669431E+05  1.6669431E+05  7.8438461E+04  7.4867290E+06 -2.9047281E+05  0.0000000E+00
             1    3.2661818E+06  1.0621119E+03  2.2388062E+01  1.9333636E+05  1.9333636E+05  8.1816438E+04  7.4100855E+06 -3.6711641E+05  0.0000000E+00
             1    3.4127130E+06  1.0621122E+03  2.2387817E+01  2.2264261E+05  2.2264261E+05  8.5569125E+04  7.3257405E+06 -4.5146128E+05  0.0000000E+00
             1    3.5738975E+06  1.0621124E+03  2.2387573E+01  2.5487948E+05  2.5487948E+05  8.9680477E+04  7.2329780E+06 -5.4422406E+05  0.0000000E+00
             1    3.7512002E+06  1.0621127E+03  2.2387329E+01  2.9034006E+05  2.9034006E+05  9.4216070E+04  7.1309255E+06 -6.4627619E+05  0.0000000E+00
             1    3.9462332E+06  1.0621130E+03  2.2386963E+01  3.2934669E+05  3.2934669E+05  9.9199984E+04  7.0186735E+06 -7.5852831E+05  0.0000000E+00
             1    4.1607698E+06  1.0621135E+03  2.2386475E+01  3.7225397E+05  3.7225397E+05  1.0472570E+05  6.8951525E+06 -8.8204906E+05  0.0000000E+00
             1    4.3967600E+06  1.0621140E+03  2.2385986E+01  4.1945197E+05  4.1945197E+05  1.1080273E+05  6.7592810E+06 -1.0179206E+06  0.0000000E+00
             1    4.6563490E+06  1.0621145E+03  2.2385498E+01  4.7136978E+05  4.7136978E+05  1.1748579E+05  6.6098240E+06 -1.1673776E+06  0.0000000E+00
             1    4.9418970E+06  1.0621152E+03  2.2384766E+01  5.2847938E+05  5.2847938E+05  1.2485474E+05  6.4454040E+06 -1.3317980E+06  0.0000000E+00
             1    5.2560000E+06  1.0621162E+03  2.2383789E+01  5.9129994E+05  5.9129994E+05  1.3306714E+05  6.2644350E+06 -1.5127670E+06  0.0000000E+00
             1    5.3387130E+06  1.0621165E+03  2.2383545E+01  6.1197819E+05  6.1197819E+05  1.3521275E+05  6.2209325E+06 -1.5562691E+06  0.0000000E+00
             1    5.4296975E+06  1.0621167E+03  2.2383301E+01  6.3472431E+05  6.3472431E+05  1.3755409E+05  6.1730990E+06 -1.6041026E+06  0.0000000E+00
             1    5.5297805E+06  1.0621169E+03  2.2383057E+01  6.5974500E+05  6.5974500E+05  1.4016311E+05  6.1204490E+06 -1.6567530E+06  0.0000000E+00
             1    5.6398715E+06  1.0621173E+03  2.2382690E+01  6.8726781E+05  6.8726781E+05  1.4302431E+05  6.0625420E+06 -1.7146598E+06  0.0000000E+00
             1    5.7609715E+06  1.0621176E+03  2.2382446E+01  7.1754281E+05  7.1754281E+05  1.4615375E+05  5.9988625E+06 -1.7783394E+06  0.0000000E+00
             1    5.8941815E+06  1.0621179E+03  2.2382080E+01  7.5084538E+05  7.5084538E+05  1.4961939E+05  5.9287915E+06 -1.8484101E+06  0.0000000E+00
             1    6.0407130E+06  1.0621183E+03  2.2381714E+01  7.8747819E+05  7.8747819E+05  1.5341741E+05  5.8517280E+06 -1.9254738E+06  0.0000000E+00
             1    6.2018975E+06  1.0621187E+03  2.2381348E+01  8.2777431E+05  8.2777431E+05  1.5756344E+05  5.7669900E+06 -2.0102120E+06  0.0000000E+00
             1    6.3792005E+06  1.0621193E+03  2.2380737E+01  8.7210000E+05  8.7210000E+05  1.6218902E+05  5.6737130E+06 -2.1034890E+06  0.0000000E+00
             1    6.5742335E+06  1.0621200E+03  2.2380005E+01  9.2085831E+05  9.2085831E+05  1.6730995E+05  5.5710755E+06 -2.2061265E+06  0.0000000E+00
             1    6.7887700E+06  1.0621207E+03  2.2379272E+01  9.7449238E+05  9.7449238E+05  1.7294969E+05  5.4581675E+06 -2.3190342E+06  0.0000000E+00
             1    7.0247600E+06  1.0621216E+03  2.2378418E+01  1.0334899E+06  1.0334899E+06  1.7914016E+05  5.3339820E+06 -2.4432198E+06  0.0000000E+00
             1    7.2843490E+06  1.0621224E+03  2.2377563E+01  1.0983872E+06  1.0983872E+06  1.8593362E+05  5.1973940E+06 -2.5798078E+06  0.0000000E+00
             1    7.5698970E+06  1.0621234E+03  2.2376587E+01  1.1697742E+06  1.1697742E+06  1.9340992E+05  5.0471435E+06 -2.7300582E+06  0.0000000E+00
             1    7.8840000E+06  1.0621245E+03  2.2375488E+01  1.2482999E+06  1.2482999E+06  2.0164325E+05  4.8818590E+06 -2.8953428E+06  0.0000000E+00
             1    7.9667130E+06  1.0621249E+03  2.2375122E+01  1.2896564E+06  1.2896564E+06  2.0382392E+05  4.8590000E+06 -2.9182018E+06  0.0000000E+00
             1    8.0576975E+06  1.0621251E+03  2.2374878E+01  1.3351486E+06  1.3351486E+06  2.0620833E+05  4.8338695E+06 -2.9433322E+06  0.0000000E+00
             1    8.1577805E+06  1.0621255E+03  2.2374512E+01  1.3851900E+06  1.3851900E+06  2.0881352E+05  4.8062435E+06 -2.9709582E+06  0.0000000E+00
             1    8.2678715E+06  1.0621259E+03  2.2374146E+01  1.4402356E+06  1.4402356E+06  2.1169972E+05  4.7758345E+06 -3.0013672E+06  0.0000000E+00
             1    8.3889720E+06  1.0621262E+03  2.2373779E+01  1.5007856E+06  1.5007856E+06  2.1486234E+05  4.7423970E+06 -3.0348048E+06  0.0000000E+00
             1    8.5221820E+06  1.0621266E+03  2.2373413E+01  1.5673908E+06  1.5673908E+06  2.1833873E+05  4.7056180E+06 -3.0715838E+06  0.0000000E+00
             1    8.6687130E+06  1.0621271E+03  2.2372925E+01  1.6406564E+06  1.6406564E+06  2.2215959E+05  4.6651645E+06 -3.1120375E+06  0.0000000E+00
             1    8.8298970E+06  1.0621276E+03  2.2372437E+01  1.7212486E+06  1.7212486E+06  2.2634508E+05  4.6206830E+06 -3.1565190E+06  0.0000000E+00
             1    9.0072000E+06  1.0621282E+03  2.2371826E+01  1.8099000E+06  1.8099000E+06  2.3101139E+05  4.5716910E+06 -3.2055110E+06  0.0000000E+00
             1    9.2022330E+06  1.0621289E+03  2.2371094E+01  1.9074166E+06  1.9074166E+06  2.3612567E+05  4.5178180E+06 -3.2593835E+06  0.0000000E+00
             1    9.4167690E+06  1.0621296E+03  2.2370361E+01  2.0146848E+06  2.0146848E+06  2.4175519E+05  4.4585545E+06 -3.3186472E+06  0.0000000E+00
             1    9.6527590E+06  1.0621305E+03  2.2369507E+01  2.1326798E+06  2.1326798E+06  2.4793428E+05  4.3933780E+06 -3.3838238E+06  0.0000000E+00
             1    9.9123480E+06  1.0621315E+03  2.2368530E+01  2.2624745E+06  2.2624745E+06  2.5475186E+05  4.3216630E+06 -3.4555388E+06  0.0000000E+00
             1    1.0197896E+07  1.0621324E+03  2.2367554E+01  2.4052485E+06  2.4052485E+06  2.6226394E+05  4.3438705E+06 -3.4333312E+06  0.0000000E+00
             1    1.0511999E+07  1.0621337E+03  2.2366333E+01  2.5622998E+06  2.5622998E+06  2.7051131E+05  4.4482780E+06 -3.3289238E+06  0.0000000E+00
             1    1.0594712E+07  1.0621340E+03  2.2365967E+01  2.5726390E+06  2.5726390E+06  2.7271484E+05  4.4443670E+06 -3.3328348E+06  0.0000000E+00
             1    1.0685696E+07  1.0621343E+03  2.2365723E+01  2.5840120E+06  2.5840120E+06  2.7509722E+05  4.4399285E+06 -3.3372730E+06  0.0000000E+00
             1    1.0785779E+07  1.0621346E+03  2.2365356E+01  2.5965222E+06  2.5965222E+06  2.7769562E+05  4.4348455E+06 -3.3423560E+06  0.0000000E+00
             1    1.0895870E+07  1.0621351E+03  2.2364868E+01  2.6102838E+06  2.6102838E+06  2.8063000E+05  4.4289090E+06 -3.3482930E+06  0.0000000E+00
             1    1.1016970E+07  1.0621355E+03  2.2364502E+01  2.6254212E+06  2.6254212E+06  2.8378728E+05  4.4221245E+06 -3.3550772E+06  0.0000000E+00
             1    1.1150180E+07  1.0621359E+03  2.2364136E+01  2.6420725E+06  2.6420725E+06  2.8726134E+05  4.4142705E+06 -3.3629312E+06  0.0000000E+00
             1    1.1296711E+07  1.0621364E+03  2.2363647E+01  2.6603890E+06  2.6603890E+06  2.9108681E+05  4.4051580E+06 -3.3720440E+06  0.0000000E+00
             1    1.1457895E+07  1.0621368E+03  2.2363159E+01  2.6805370E+06  2.6805370E+06  2.9528994E+05  4.3945750E+06 -3.3826270E+06  0.0000000E+00
             1    1.1635198E+07  1.0621376E+03  2.2362427E+01  2.7026998E+06  2.7026998E+06  2.9994616E+05  4.3823955E+06 -3.3948062E+06  0.0000000E+00
             1    1.1830231E+07  1.0621383E+03  2.2361694E+01  2.7270790E+06  2.7270790E+06  3.0509416E+05  4.3681780E+06 -3.4090235E+06  0.0000000E+00
             1    1.2044767E+07  1.0621392E+03  2.2360840E+01  2.7538960E+06  2.7538960E+06  3.1073281E+05  4.3516110E+06 -3.4255908E+06  0.0000000E+00
             1    1.2280757E+07  1.0621401E+03  2.2359863E+01  2.7833948E+06  2.7833948E+06  3.1698444E+05  4.3321965E+06 -3.4450055E+06  0.0000000E+00
             1    1.2540346E+07  1.0621411E+03  2.2358887E+01  2.8158435E+06  2.8158435E+06  3.2382603E+05  4.3096285E+06 -3.4675735E+06  0.0000000E+00
             1    1.2825894E+07  1.0621422E+03  2.2357788E+01  2.8515370E+06  2.8515370E+06  3.3134900E+05  4.2831925E+06 -3.4940092E+06  0.0000000E+00
             1    1.3139997E+07  1.0621437E+03  2.2356323E+01  2.8907998E+06  2.8907998E+06  3.3971175E+05  4.2521905E+06 -3.5250115E+06  0.0000000E+00
             1    1.3222710E+07  1.0621442E+03  2.2355835E+01  2.9114780E+06  2.9114780E+06  3.4192069E+05  4.2540875E+06 -3.5231140E+06  0.0000000E+00
             1    1.3313694E+07  1.0621445E+03  2.2355469E+01  2.9342240E+06  2.9342240E+06  3.4436028E+05  4.2560295E+06 -3.5211722E+06  0.0000000E+00
             1    1.3413777E+07  1.0621450E+03  2.2354980E+01  2.9592448E+06  2.9592448E+06  3.4699312E+05  4.2580580E+06 -3.5191440E+06  0.0000000E+00
             1    1.3523868E+07  1.0621456E+03  2.2354370E+01  2.9867675E+06  2.9867675E+06  3.4996391E+05  4.2600310E+06 -3.5171708E+06  0.0000000E+00
             1    1.3644968E+07  1.0621462E+03  2.2353760E+01  3.0170428E+06  3.0170428E+06  3.5322650E+05  4.2619950E+06 -3.5152070E+06  0.0000000E+00
             1    1.3778178E+07  1.0621470E+03  2.2353027E+01  3.0503452E+06  3.0503452E+06  3.5679216E+05  4.2639315E+06 -3.5132705E+06  0.0000000E+00
             1    1.3924709E+07  1.0621478E+03  2.2352173E+01  3.0869780E+06  3.0869780E+06  3.6076931E+05  4.2657260E+06 -3.5114760E+06  0.0000000E+00
             1    1.4085893E+07  1.0621488E+03  2.2351196E+01  3.1272742E+06  3.1272742E+06  3.6511653E+05  4.2674050E+06 -3.5097970E+06  0.0000000E+00
             1    1.4263196E+07  1.0621499E+03  2.2350098E+01  3.1715998E+06  3.1715998E+06  3.6993041E+05  4.2689445E+06 -3.5082575E+06  0.0000000E+00
             1    1.4458229E+07  1.0621511E+03  2.2348877E+01  3.2203580E+06  3.2203580E+06  3.7525309E+05  4.2702010E+06 -3.5070008E+06  0.0000000E+00
             1    1.4672765E+07  1.0621536E+03  2.2346436E+01  3.2739922E+06  3.2739922E+06  3.8146747E+05  4.2707595E+06 -3.5064422E+06  0.0000000E+00
             1    1.4908755E+07  1.0621589E+03  2.2341064E+01  3.3329898E+06  3.3329898E+06  3.8923494E+05  4.2699275E+06 -3.5072745E+06  0.0000000E+00
             1    1.5168344E+07  1.0621674E+03  2.2332642E+01  3.3978870E+06  3.3978870E+06  3.9862150E+05  4.2676400E+06 -3.5095620E+06  0.0000000E+00
             1    1.5453892E+07  1.0621790E+03  2.2321045E+01  3.4692740E+06  3.4692740E+06  4.0980625E+05  4.2636335E+06 -3.5135685E+06  0.0000000E+00
             1    1.5767995E+07  1.0621941E+03  2.2305908E+01  3.5477998E+06  3.5477998E+06  4.2292138E+05  4.2577220E+06 -3.5194798E+06  0.0000000E+00
             1    1.5850708E+07  1.0621982E+03  2.2301758E+01  3.5540032E+06  3.5540032E+06  4.2641981E+05  4.2415365E+06 -3.5356650E+06  0.0000000E+00
             1    1.5941692E+07  1.0622029E+03  2.2297119E+01  3.5608270E+06  3.5608270E+06  4.3030866E+05  4.2236435E+06 -3.5535582E+06  0.0000000E+00
             1    1.6041775E+07  1.0622081E+03  2.2291870E+01  3.5683332E+06  3.5683332E+06  4.3462769E+05  4.2038605E+06 -3.5733412E+06  0.0000000E+00
             1    1.6151866E+07  1.0622141E+03  2.2285889E+01  3.5765900E+06  3.5765900E+06  4.3944822E+05  4.1819595E+06 -3.5952422E+06  0.0000000E+00
             1    1.6272966E+07  1.0622208E+03  2.2279175E+01  3.5856725E+06  3.5856725E+06  4.4484094E+05  4.1576965E+06 -3.6195052E+06  0.0000000E+00
             1    1.6406176E+07  1.0622284E+03  2.2271606E+01  3.5956632E+06  3.5956632E+06  4.5079034E+05  4.1308938E+06 -3.6463082E+06  0.0000000E+00
             1    1.6552707E+07  1.0622369E+03  2.2263062E+01  3.6066532E+06  3.6066532E+06  4.5740725E+05  4.1012262E+06 -3.6759758E+06  0.0000000E+00
             1    1.6713891E+07  1.0622465E+03  2.2253540E+01  3.6187420E+06  3.6187420E+06  4.6475916E+05  4.0683888E+06 -3.7088130E+06  0.0000000E+00
             1    1.6891194E+07  1.0622571E+03  2.2242920E+01  3.6320398E+06  3.6320398E+06  4.7289000E+05  4.0321125E+06 -3.7450892E+06  0.0000000E+00
             1    1.7086228E+07  1.0622690E+03  2.2230957E+01  3.6466672E+06  3.6466672E+06  4.8189256E+05  3.9919858E+06 -3.7852160E+06  0.0000000E+00
             1    1.7300764E+07  1.0622822E+03  2.2217773E+01  3.6627575E+06  3.6627575E+06  4.9183931E+05  3.9476282E+06 -3.8295735E+06  0.0000000E+00
             1    1.7536754E+07  1.0622969E+03  2.2203125E+01  3.6804568E+06  3.6804568E+06  5.0285594E+05  3.8985640E+06 -3.8786378E+06  0.0000000E+00
             1    1.7796344E+07  1.0623129E+03  2.2187134E+01  3.6999260E+06  3.6999260E+06  5.1488231E+05  3.8444850E+06 -3.9327168E+06  0.0000000E+00
             1    1.8081892E+07  1.0623303E+03  2.2169678E+01  3.7213420E+06  3.7213420E+06  5.2809462E+05  3.7847745E+06 -3.9924272E+06  0.0000000E+00
             1    1.8395994E+07  1.0623495E+03  2.2150513E+01  3.7448998E+06  3.7448998E+06  5.4258494E+05  3.7188735E+06 -4.0583282E+06  0.0000000E+00
             1    1.8478708E+07  1.0623546E+03  2.2145386E+01  3.7552388E+06  3.7552388E+06  5.4642212E+05  3.7055950E+06 -4.0716068E+06  0.0000000E+00
             1    1.8569692E+07  1.0623601E+03  2.2139893E+01  3.7666118E+06  3.7666118E+06  5.5063144E+05  3.6909805E+06 -4.0862212E+06  0.0000000E+00
             1    1.8669774E+07  1.0623661E+03  2.2133911E+01  3.7791222E+06  3.7791222E+06  5.5519431E+05  3.6749490E+06 -4.1022528E+06  0.0000000E+00
             1    1.8779866E+07  1.0623727E+03  2.2127319E+01  3.7928835E+06  3.7928835E+06  5.6023856E+05  3.6572625E+06 -4.1199392E+06  0.0000000E+00
             1    1.8900966E+07  1.0623798E+03  2.2120239E+01  3.8080212E+06  3.8080212E+06  5.6574662E+05  3.6378175E+06 -4.1393845E+06  0.0000000E+00
             1    1.9034176E+07  1.0623876E+03  2.2112427E+01  3.8246725E+06  3.8246725E+06  5.7175688E+05  3.6164408E+06 -4.1607610E+06  0.0000000E+00
             1    1.9180708E+07  1.0623961E+03  2.2103882E+01  3.8429888E+06  3.8429888E+06  5.7840919E+05  3.5928450E+06 -4.1843568E+06  0.0000000E+00
             1    1.9341892E+07  1.0624054E+03  2.2094604E+01  3.8631368E+06  3.8631368E+06  5.8564706E+05  3.5669232E+06 -4.2102785E+06  0.0000000E+00
             1    1.9519194E+07  1.0624154E+03  2.2084595E+01  3.8852998E+06  3.8852998E+06  5.9356569E+05  3.5384138E+06 -4.2387880E+06  0.0000000E+00
             1    1.9714228E+07  1.0624261E+03  2.2073853E+01  3.9096788E+06  3.9096788E+06  6.0219812E+05  3.5070815E+06 -4.2701200E+06  0.0000000E+00
             1    1.9928764E+07  1.0624379E+03  2.2062134E+01  3.9364960E+06  3.9364960E+06  6.1160375E+05  3.4726530E+06 -4.3045490E+06  0.0000000E+00
             1    2.0164754E+07  1.0624506E+03  2.2049438E+01  3.9659948E+06  3.9659948E+06  6.2190175E+05  3.4347728E+06 -4.3424290E+06  0.0000000E+00
             1    2.0424344E+07  1.0624640E+03  2.2036011E+01  3.9984432E+06  3.9984432E+06  6.3307594E+05  3.3932022E+06 -4.3839995E+06  0.0000000E+00
             1    2.0709892E+07  1.0624785E+03  2.2021484E+01  4.0341368E+06  4.0341368E+06  6.4524350E+05  3.3475362E+06 -4.4296655E+06  0.0000000E+00
             1    2.1023994E+07  1.0624949E+03  2.2005127E+01  4.0733998E+06  4.0733998E+06  6.5879319E+05  3.2970748E+06 -4.4801270E+06  0.0000000E+00
             1    2.1106708E+07  1.0624993E+03  2.2000732E+01  4.0796032E+06  4.0796032E+06  6.6238844E+05  3.2796135E+06 -4.4975885E+06  0.0000000E+00
             1    2.1197692E+07  1.0625040E+03  2.1995972E+01  4.0864270E+06  4.0864270E+06  6.6633688E+05  3.2604100E+06 -4.5167920E+06  0.0000000E+00
             1    2.1297774E+07  1.0625094E+03  2.1990601E+01  4.0939332E+06  4.0939332E+06  6.7068731E+05  3.2392740E+06 -4.5379280E+06  0.0000000E+00
             1    2.1407866E+07  1.0625154E+03  2.1984619E+01  4.1021900E+06  4.1021900E+06  6.7551812E+05  3.2159738E+06 -4.5612280E+06  0.0000000E+00
             1    2.1528966E+07  1.0625220E+03  2.1978027E+01  4.1112725E+06  4.1112725E+06  6.8083181E+05  3.1903378E+06 -4.5868640E+06  0.0000000E+00
             1    2.1662176E+07  1.0625294E+03  2.1970581E+01  4.1212632E+06  4.1212632E+06  6.8676519E+05  3.1620435E+06 -4.6151585E+06  0.0000000E+00
             1    2.1808708E+07  1.0625377E+03  2.1962280E+01  4.1322532E+06  4.1322532E+06  6.9331319E+05  3.1308912E+06 -4.6463105E+06  0.0000000E+00
             1    2.1969892E+07  1.0625469E+03  2.1953125E+01  4.1443420E+06  4.1443420E+06  7.0050475E+05  3.0966275E+06 -4.6805745E+06  0.0000000E+00
             1    2.2147194E+07  1.0625570E+03  2.1942993E+01  4.1576398E+06  4.1576398E+06  7.0847625E+05  3.0588710E+06 -4.7183310E+06  0.0000000E+00
             1    2.2342228E+07  1.0625684E+03  2.1931641E+01  4.1722672E+06  4.1722672E+06  7.1726575E+05  3.0173100E+06 -4.7598915E+06  0.0000000E+00
             1    2.2556764E+07  1.0625808E+03  2.1919189E+01  4.1883575E+06  4.1883575E+06  7.2696325E+05  2.9715565E+06 -4.8056455E+06  0.0000000E+00
             1    2.2792754E+07  1.0625945E+03  2.1905518E+01  4.2060565E+06  4.2060565E+06  7.3762969E+05  2.9212212E+06 -4.8559805E+06  0.0000000E+00
             1    2.3052344E+07  1.0626094E+03  2.1890625E+01  4.2255260E+06  4.2255260E+06  7.4930012E+05  2.8659092E+06 -4.9112925E+06  0.0000000E+00
             1    2.3337892E+07  1.0626256E+03  2.1874390E+01  4.2469420E+06  4.2469420E+06  7.6204406E+05  2.8051545E+06 -4.9720475E+06  0.0000000E+00
             1    2.3651994E+07  1.0626431E+03  2.1856934E+01  4.2704995E+06  4.2704995E+06  7.7598388E+05  2.7391070E+06 -5.0380950E+06  0.0000000E+00
             1    2.3734708E+07  1.0626477E+03  2.1852295E+01  4.2746355E+06  4.2746355E+06  7.7965231E+05  2.7198025E+06 -5.0573995E+06  0.0000000E+00
             1    2.3825692E+07  1.0626527E+03  2.1847290E+01  4.2791845E+06  4.2791845E+06  7.8364594E+05  2.6985980E+06 -5.0786040E+06  0.0000000E+00
             1    2.3925774E+07  1.0626582E+03  2.1841797E+01  4.2841885E+06  4.2841885E+06  7.8807481E+05  2.6763440E+06 -5.1008575E+06  0.0000000E+00
             1    2.4035866E+07  1.0626642E+03  2.1835815E+01  4.2896930E+06  4.2896930E+06  7.9289838E+05  2.6527920E+06 -5.1244100E+06  0.0000000E+00
             1    2.4156966E+07  1.0626707E+03  2.1829346E+01  4.2957480E+06  4.2957480E+06  7.9817619E+05  2.6268945E+06 -5.1503070E+06  0.0000000E+00
             1    2.4290176E+07  1.0626776E+03  2.1822388E+01  4.3024085E+06  4.3024085E+06  8.0394531E+05  2.5995945E+06 -5.1776075E+06  0.0000000E+00
             1    2.4436708E+07  1.0626853E+03  2.1814697E+01  4.3097355E+06  4.3097355E+06  8.1025138E+05  2.5711792E+06 -5.2060225E+06  0.0000000E+00
             1    2.4597892E+07  1.0626936E+03  2.1806396E+01  4.3177945E+06  4.3177945E+06  8.1716175E+05  2.5402288E+06 -5.2369730E+06  0.0000000E+00
             1    2.4775194E+07  1.0627025E+03  2.1797485E+01  4.3266595E+06  4.3266595E+06  8.2472175E+05  2.5083882E+06 -5.2688135E+06  0.0000000E+00
             1    2.4970228E+07  1.0627122E+03  2.1787842E+01  4.3364115E+06  4.3364115E+06  8.3294525E+05  2.4734252E+06 -5.3037765E+06  0.0000000E+00
             1    2.5184764E+07  1.0627225E+03  2.1777466E+01  4.3471380E+06  4.3471380E+06  8.4190731E+05  2.4350165E+06 -5.3421855E+06  0.0000000E+00
             1    2.5420754E+07  1.0627336E+03  2.1766357E+01  4.3589375E+06  4.3589375E+06  8.5164681E+05  2.3928508E+06 -5.3843510E+06  0.0000000E+00
             1    2.5680344E+07  1.0627455E+03  2.1754517E+01  4.3719170E+06  4.3719170E+06  8.6225431E+05  2.3465418E+06 -5.4306600E+06  0.0000000E+00
             1    2.5965892E+07  1.0627579E+03  2.1742065E+01  4.3861945E+06  4.3861945E+06  8.7363294E+05  2.2959072E+06 -5.4812945E+06  0.0000000E+00
             1    2.6279994E+07  1.0627711E+03  2.1728882E+01  4.4018995E+06  4.4018995E+06  8.8571112E+05  2.2405642E+06 -5.5366375E+06  0.0000000E+00
             1    2.6362708E+07  1.0627747E+03  2.1725342E+01  4.4039675E+06  4.4039675E+06  8.8891294E+05  2.2238970E+06 -5.5533050E+06  0.0000000E+00
             1    2.6453692E+07  1.0627784E+03  2.1721558E+01  4.4062420E+06  4.4062420E+06  8.9240231E+05  2.2055945E+06 -5.5716075E+06  0.0000000E+00
             1    2.6553774E+07  1.0627825E+03  2.1717529E+01  4.4087440E+06  4.4087440E+06  8.9615988E+05  2.1855558E+06 -5.5916460E+06  0.0000000E+00
             1    2.6663866E+07  1.0627870E+03  2.1713013E+01  4.4114965E+06  4.4114965E+06  9.0021019E+05  2.1636050E+06 -5.6135970E+06  0.0000000E+00
             1    2.6784966E+07  1.0627919E+03  2.1708130E+01  4.4145240E+06  4.4145240E+06  9.0464819E+05  2.1394502E+06 -5.6377515E+06  0.0000000E+00
             1    2.6918176E+07  1.0627971E+03  2.1702881E+01  4.4178540E+06  4.4178540E+06  9.0951812E+05  2.1138762E+06 -5.6633255E+06  0.0000000E+00
             1    2.7064708E+07  1.0628027E+03  2.1697266E+01  4.4215175E+06  4.4215175E+06  9.1479925E+05  2.0860105E+06 -5.6911915E+06  0.0000000E+00
             1    2.7225892E+07  1.0628088E+03  2.1691162E+01  4.4255470E+06  4.4255470E+06  9.2058069E+05  2.0566731E+06 -5.7205285E+06  0.0000000E+00
             1    2.7403194E+07  1.0628154E+03  2.1684570E+01  4.4299795E+06  4.4299795E+06  9.2671881E+05  2.0253156E+06 -5.7518860E+06  0.0000000E+00
             1    2.7598228E+07  1.0628226E+03  2.1677368E+01  4.4348555E+06  4.4348555E+06  9.3339662E+05  1.9921071E+06 -5.7850945E+06  0.0000000E+00
             1    2.7812764E+07  1.0628303E+03  2.1669678E+01  4.4402190E+06  4.4402190E+06  9.4068006E+05  1.9575972E+06 -5.8196045E+06  0.0000000E+00
             1    2.8048754E+07  1.0628385E+03  2.1661499E+01  4.4461185E+06  4.4461185E+06  9.4859131E+05  1.9216918E+06 -5.8555100E+06  0.0000000E+00
             1    2.8308344E+07  1.0628472E+03  2.1652832E+01  4.4526085E+06  4.4526085E+06  9.5703144E+05  1.8853052E+06 -5.8918965E+06  0.0000000E+00
             1    2.8593892E+07  1.0628562E+03  2.1643799E+01  4.4597470E+06  4.4597470E+06  9.6596169E+05  1.8489851E+06 -5.9282165E+06  0.0000000E+00
             1    2.8907994E+07  1.0628660E+03  2.1634033E+01  4.4675995E+06  4.4675995E+06  9.7569131E+05  1.8133432E+06 -5.9638585E+06  0.0000000E+00
             1    2.8990708E+07  1.0628685E+03  2.1631470E+01  4.4696675E+06  4.4696675E+06  9.7825131E+05  1.8045691E+06 -5.9726325E+06  0.0000000E+00
             1    2.9081692E+07  1.0628713E+03  2.1628662E+01  4.4719420E+06  4.4719420E+06  9.8103719E+05  1.7949448E+06 -5.9822570E+06  0.0000000E+00
             1    2.9181774E+07  1.0628744E+03  2.1625610E+01  4.4744440E+06  4.4744440E+06  9.8413238E+05  1.7843238E+06 -5.9928780E+06  0.0000000E+00
             1    2.9291866E+07  1.0628776E+03  2.1622437E+01  4.4771965E+06  4.4771965E+06  9.8732669E+05  1.7728474E+06 -6.0043545E+06  0.0000000E+00
             1    2.9412966E+07  1.0628810E+03  2.1619019E+01  4.4802240E+06  4.4802240E+06  9.9079650E+05  1.7602631E+06 -6.0169385E+06  0.0000000E+00
             1    2.9546176E+07  1.0628845E+03  2.1615479E+01  4.4835540E+06  4.4835540E+06  9.9456600E+05  1.7464632E+06 -6.0307385E+06  0.0000000E+00
             1    2.9692708E+07  1.0628885E+03  2.1611450E+01  4.4872175E+06  4.4872175E+06  9.9870162E+05  1.7312895E+06 -6.0459125E+06  0.0000000E+00
             1    2.9853892E+07  1.0628927E+03  2.1607300E+01  4.4912470E+06  4.4912470E+06  1.0032197E+06  1.7146245E+06 -6.0625775E+06  0.0000000E+00
             1    3.0031194E+07  1.0628975E+03  2.1602539E+01  4.4956795E+06  4.4956795E+06  1.0082058E+06  1.6962732E+06 -6.0809285E+06  0.0000000E+00
             1    3.0226228E+07  1.0629028E+03  2.1597168E+01  4.5005555E+06  4.5005555E+06  1.0137434E+06  1.6760290E+06 -6.1011730E+06  0.0000000E+00
             1    3.0440764E+07  1.0629087E+03  2.1591309E+01  4.5059190E+06  4.5059190E+06  1.0198075E+06  1.6538199E+06 -6.1233820E+06  0.0000000E+00
             1    3.0676754E+07  1.0629149E+03  2.1585083E+01  4.5118185E+06  4.5118185E+06  1.0261044E+06  1.6297192E+06 -6.1474825E+06  0.0000000E+00
             1    3.0936344E+07  1.0629219E+03  2.1578125E+01  4.5183085E+06  4.5183085E+06  1.0330304E+06  1.6032062E+06 -6.1739955E+06  0.0000000E+00
             1    3.1221892E+07  1.0629294E+03  2.1570557E+01  4.5254470E+06  4.5254470E+06  1.0406476E+06  1.5741975E+06 -6.2030045E+06  0.0000000E+00
             1    3.1535994E+07  1.0629377E+03  2.1562256E+01  4.5332995E+06  4.5332995E+06  1.0490290E+06  1.5443512E+06 -6.2328505E+06  0.0000000E+00
